#
# A fatal error has been detected by the Java Runtime Environment:
#
#  EXCEPTION_ACCESS_VIOLATION (0xc0000005) at pc=0x00000247ea181066, pid=6108, tid=13276
#
# JRE version: OpenJDK Runtime Environment Temurin-11.0.16.1+1 (11.0.16.1+1) (build 11.0.16.1+1)
# Java VM: OpenJDK 64-Bit Server VM Temurin-11.0.16.1+1 (11.0.16.1+1, mixed mode, tiered, compressed oops, g1 gc, windows-amd64)
# Problematic frame:
# C  [OpenAL64.dll+0x11066]
#
# No core dump will be written. Minidumps are not enabled by default on client versions of Windows
#
# If you would like to submit a bug report, please visit:
#   https://github.com/adoptium/adoptium-support/issues
# The crash happened outside the Java Virtual Machine in native code.
# See problematic frame for where to report the bug.
#

---------------  S U M M A R Y ------------

Command Line: -Duser.language=es_MX -Dfile.encoding=UTF-8 org.uqbar.project.wollok.launch.WollokLauncher -requestsPort 0 -eventsPort 0 -folder -dontValidate -wf src/juego.wpgm

Host: Intel(R) Core(TM) i3-9100F CPU @ 3.60GHz, 4 cores, 15G,  Windows 10 , 64 bit Build 19041 (10.0.19041.1889)
Time: Thu Oct  6 23:00:22 2022 Hora estándar de Argentina elapsed time: 2.219990 seconds (0d 0h 0m 2s)

---------------  T H R E A D  ---------------

Current thread (0x00000247c191b000):  JavaThread "main" [_thread_in_native, id=13276, stack(0x0000007827300000,0x0000007827400000)]

Stack: [0x0000007827300000,0x0000007827400000],  sp=0x00000078273fc610,  free space=1009k
Native frames: (J=compiled Java code, j=interpreted, Vv=VM code, C=native code)
C  [OpenAL64.dll+0x11066]

Java frames: (J=compiled Java code, j=interpreted, Vv=VM code)
j  org.lwjgl.openal.ALC10.nalcCreateContext(JJ)J+0
j  org.lwjgl.openal.ALC10.alcCreateContext(Lorg/lwjgl/openal/ALCdevice;Ljava/nio/IntBuffer;)Lorg/lwjgl/openal/ALCcontext;+8
j  org.lwjgl.openal.AL.init(Ljava/lang/String;IIZZ)V+69
j  org.lwjgl.openal.AL.create(Ljava/lang/String;IIZZ)V+246
j  org.lwjgl.openal.AL.create(Ljava/lang/String;IIZ)V+5
j  org.lwjgl.openal.AL.create()V+6
j  com.badlogic.gdx.backends.lwjgl.audio.OpenALAudio.<init>(III)V+114
j  com.badlogic.gdx.backends.lwjgl.LwjglApplication.<init>(Lcom/badlogic/gdx/ApplicationListener;Lcom/badlogic/gdx/backends/lwjgl/LwjglApplicationConfiguration;Lcom/badlogic/gdx/backends/lwjgl/LwjglGraphics;)V+120
j  com.badlogic.gdx.backends.lwjgl.LwjglApplication.<init>(Lcom/badlogic/gdx/ApplicationListener;Lcom/badlogic/gdx/backends/lwjgl/LwjglApplicationConfiguration;)V+11
j  org.uqbar.project.wollok.game.gameboard.WollokGDXApplication.<init>(Lorg/uqbar/project/wollok/game/gameboard/Gameboard;Ljava/lang/Boolean;)V+17
j  org.uqbar.project.wollok.game.helpers.Application.start(Lorg/uqbar/project/wollok/game/gameboard/Gameboard;Ljava/lang/Boolean;)V+5
j  org.uqbar.project.wollok.game.gameboard.Gameboard.start(Ljava/lang/Boolean;)V+13
j  wollok.game.GameObject.doStart(Ljava/lang/Boolean;)V+12
v  ~StubRoutines::call_stub
j  jdk.internal.reflect.NativeMethodAccessorImpl.invoke0(Ljava/lang/reflect/Method;Ljava/lang/Object;[Ljava/lang/Object;)Ljava/lang/Object;+0 java.base@11.0.16.1
j  jdk.internal.reflect.NativeMethodAccessorImpl.invoke(Ljava/lang/Object;[Ljava/lang/Object;)Ljava/lang/Object;+100 java.base@11.0.16.1
J 2986 c1 jdk.internal.reflect.DelegatingMethodAccessorImpl.invoke(Ljava/lang/Object;[Ljava/lang/Object;)Ljava/lang/Object; java.base@11.0.16.1 (10 bytes) @ 0x00000247cc3fdecc [0x00000247cc3fddc0+0x000000000000010c]
J 2985 c1 java.lang.reflect.Method.invoke(Ljava/lang/Object;[Ljava/lang/Object;)Ljava/lang/Object; java.base@11.0.16.1 (65 bytes) @ 0x00000247cc3fd964 [0x00000247cc3fd620+0x0000000000000344]
j  org.uqbar.project.wollok.ui.utils.XTendUtilExtensions.invokeConvertingArgs(Ljava/lang/reflect/Method;Ljava/lang/Object;[Ljava/lang/Object;)Lorg/uqbar/project/wollok/interpreter/core/WollokObject;+261
j  org.uqbar.project.wollok.interpreter.AbstractWollokCallable._invokeNative(Ljava/lang/Object;Ljava/lang/String;[Lorg/uqbar/project/wollok/interpreter/core/WollokObject;)Lorg/uqbar/project/wollok/interpreter/core/WollokObject;+41
j  org.uqbar.project.wollok.interpreter.AbstractWollokCallable.invokeNative(Ljava/lang/Object;Ljava/lang/String;[Lorg/uqbar/project/wollok/interpreter/core/WollokObject;)Lorg/uqbar/project/wollok/interpreter/core/WollokObject;+26
j  org.uqbar.project.wollok.interpreter.AbstractWollokCallable$1.apply()Lorg/uqbar/project/wollok/interpreter/core/WollokObject;+55
j  org.uqbar.project.wollok.interpreter.AbstractWollokCallable$1.apply()Ljava/lang/Object;+1
j  org.uqbar.project.wollok.interpreter.threads.WThread.performOnStack(Lorg/eclipse/emf/ecore/EObject;Lorg/uqbar/project/wollok/interpreter/context/EvaluationContext;Lorg/eclipse/xtext/xbase/lib/Functions$Function0;)Lorg/uqbar/project/wollok/interpreter/core/WollokObject;+29
j  org.uqbar.project.wollok.interpreter.WollokInterpreter.performOnStack(Lorg/eclipse/emf/ecore/EObject;Lorg/uqbar/project/wollok/interpreter/context/EvaluationContext;Lorg/eclipse/xtext/xbase/lib/Functions$Function0;)Lorg/uqbar/project/wollok/interpreter/core/WollokObject;+7
j  org.uqbar.project.wollok.interpreter.AbstractWollokCallable.call(Lorg/uqbar/project/wollok/wollokDsl/WMethodDeclaration;[Lorg/uqbar/project/wollok/interpreter/core/WollokObject;)Lorg/uqbar/project/wollok/interpreter/core/WollokObject;+38
j  org.uqbar.project.wollok.interpreter.core.WollokObject.call(Ljava/lang/String;[Lorg/uqbar/project/wollok/interpreter/core/WollokObject;)Lorg/uqbar/project/wollok/interpreter/core/WollokObject;+55
j  org.uqbar.project.wollok.interpreter.WollokInterpreterEvaluator._evaluate(Lorg/uqbar/project/wollok/wollokDsl/WFeatureCall;)Lorg/uqbar/project/wollok/interpreter/core/WollokObject;+119
j  org.uqbar.project.wollok.launch.WollokLauncherInterpreterEvaluator.evaluate(Lorg/eclipse/emf/ecore/EObject;)Lorg/uqbar/project/wollok/interpreter/core/WollokObject;+412
j  org.uqbar.project.wollok.interpreter.WollokInterpreterEvaluator.evaluate(Lorg/eclipse/emf/ecore/EObject;)Ljava/lang/Object;+2
j  org.uqbar.project.wollok.interpreter.WollokInterpreter.eval(Lorg/eclipse/emf/ecore/EObject;)Lorg/uqbar/project/wollok/interpreter/core/WollokObject;+63
j  org.uqbar.project.wollok.interpreter.WollokInterpreterEvaluator.eval(Lorg/eclipse/emf/ecore/EObject;)Lorg/uqbar/project/wollok/interpreter/core/WollokObject;+5
j  org.uqbar.project.wollok.interpreter.WollokInterpreterEvaluator$1.apply(Lorg/uqbar/project/wollok/interpreter/core/WollokObject;Lorg/eclipse/emf/ecore/EObject;)Lorg/uqbar/project/wollok/interpreter/core/WollokObject;+5
j  org.uqbar.project.wollok.interpreter.WollokInterpreterEvaluator$1.apply(Ljava/lang/Object;Ljava/lang/Object;)Ljava/lang/Object;+9
j  org.eclipse.xtext.xbase.lib.IteratorExtensions.fold(Ljava/util/Iterator;Ljava/lang/Object;Lorg/eclipse/xtext/xbase/lib/Functions$Function2;)Ljava/lang/Object;+19
j  org.eclipse.xtext.xbase.lib.IterableExtensions.fold(Ljava/lang/Iterable;Ljava/lang/Object;Lorg/eclipse/xtext/xbase/lib/Functions$Function2;)Ljava/lang/Object;+8
j  org.uqbar.project.wollok.interpreter.WollokInterpreterEvaluator.evalAll(Ljava/lang/Iterable;)Lorg/uqbar/project/wollok/interpreter/core/WollokObject;+12
j  org.uqbar.project.wollok.interpreter.WollokInterpreterEvaluator._evaluate(Lorg/uqbar/project/wollok/wollokDsl/WBlockExpression;)Lorg/uqbar/project/wollok/interpreter/core/WollokObject;+34
j  org.uqbar.project.wollok.launch.WollokLauncherInterpreterEvaluator.evaluate(Lorg/eclipse/emf/ecore/EObject;)Lorg/uqbar/project/wollok/interpreter/core/WollokObject;+76
j  org.uqbar.project.wollok.interpreter.WollokInterpreterEvaluator.evaluate(Lorg/eclipse/emf/ecore/EObject;)Ljava/lang/Object;+2
j  org.uqbar.project.wollok.interpreter.WollokInterpreter.eval(Lorg/eclipse/emf/ecore/EObject;)Lorg/uqbar/project/wollok/interpreter/core/WollokObject;+63
j  org.uqbar.project.wollok.interpreter.AbstractWollokCallable.eval(Lorg/eclipse/emf/ecore/EObject;)Lorg/uqbar/project/wollok/interpreter/core/WollokObject;+5
j  org.uqbar.project.wollok.interpreter.AbstractWollokCallable$1.apply()Lorg/uqbar/project/wollok/interpreter/core/WollokObject;+110
j  org.uqbar.project.wollok.interpreter.AbstractWollokCallable$1.apply()Ljava/lang/Object;+1
j  org.uqbar.project.wollok.interpreter.threads.WThread.performOnStack(Lorg/eclipse/emf/ecore/EObject;Lorg/uqbar/project/wollok/interpreter/context/EvaluationContext;Lorg/eclipse/xtext/xbase/lib/Functions$Function0;)Lorg/uqbar/project/wollok/interpreter/core/WollokObject;+29
j  org.uqbar.project.wollok.interpreter.WollokInterpreter.performOnStack(Lorg/eclipse/emf/ecore/EObject;Lorg/uqbar/project/wollok/interpreter/context/EvaluationContext;Lorg/eclipse/xtext/xbase/lib/Functions$Function0;)Lorg/uqbar/project/wollok/interpreter/core/WollokObject;+7
j  org.uqbar.project.wollok.interpreter.AbstractWollokCallable.call(Lorg/uqbar/project/wollok/wollokDsl/WMethodDeclaration;[Lorg/uqbar/project/wollok/interpreter/core/WollokObject;)Lorg/uqbar/project/wollok/interpreter/core/WollokObject;+38
j  org.uqbar.project.wollok.interpreter.core.WollokObject.call(Ljava/lang/String;[Lorg/uqbar/project/wollok/interpreter/core/WollokObject;)Lorg/uqbar/project/wollok/interpreter/core/WollokObject;+55
j  org.uqbar.project.wollok.interpreter.WollokInterpreterEvaluator._evaluate(Lorg/uqbar/project/wollok/wollokDsl/WFeatureCall;)Lorg/uqbar/project/wollok/interpreter/core/WollokObject;+119
j  org.uqbar.project.wollok.launch.WollokLauncherInterpreterEvaluator.evaluate(Lorg/eclipse/emf/ecore/EObject;)Lorg/uqbar/project/wollok/interpreter/core/WollokObject;+412
j  org.uqbar.project.wollok.interpreter.WollokInterpreterEvaluator.evaluate(Lorg/eclipse/emf/ecore/EObject;)Ljava/lang/Object;+2
j  org.uqbar.project.wollok.interpreter.WollokInterpreter.eval(Lorg/eclipse/emf/ecore/EObject;)Lorg/uqbar/project/wollok/interpreter/core/WollokObject;+63
j  org.uqbar.project.wollok.interpreter.WollokInterpreterEvaluator.eval(Lorg/eclipse/emf/ecore/EObject;)Lorg/uqbar/project/wollok/interpreter/core/WollokObject;+5
j  org.uqbar.project.wollok.interpreter.WollokInterpreterEvaluator$1.apply(Lorg/uqbar/project/wollok/interpreter/core/WollokObject;Lorg/eclipse/emf/ecore/EObject;)Lorg/uqbar/project/wollok/interpreter/core/WollokObject;+5
j  org.uqbar.project.wollok.interpreter.WollokInterpreterEvaluator$1.apply(Ljava/lang/Object;Ljava/lang/Object;)Ljava/lang/Object;+9
j  org.eclipse.xtext.xbase.lib.IteratorExtensions.fold(Ljava/util/Iterator;Ljava/lang/Object;Lorg/eclipse/xtext/xbase/lib/Functions$Function2;)Ljava/lang/Object;+19
j  org.eclipse.xtext.xbase.lib.IterableExtensions.fold(Ljava/lang/Iterable;Ljava/lang/Object;Lorg/eclipse/xtext/xbase/lib/Functions$Function2;)Ljava/lang/Object;+8
j  org.uqbar.project.wollok.interpreter.WollokInterpreterEvaluator.evalAll(Ljava/lang/Iterable;)Lorg/uqbar/project/wollok/interpreter/core/WollokObject;+12
j  org.uqbar.project.wollok.interpreter.WollokInterpreterEvaluator._evaluate(Lorg/uqbar/project/wollok/wollokDsl/WProgram;)Lorg/uqbar/project/wollok/interpreter/core/WollokObject;+18
j  org.uqbar.project.wollok.launch.WollokLauncherInterpreterEvaluator.evaluate(Lorg/eclipse/emf/ecore/EObject;)Lorg/uqbar/project/wollok/interpreter/core/WollokObject;+444
j  org.uqbar.project.wollok.interpreter.WollokInterpreterEvaluator.evaluate(Lorg/eclipse/emf/ecore/EObject;)Ljava/lang/Object;+2
j  org.uqbar.project.wollok.interpreter.WollokInterpreter.eval(Lorg/eclipse/emf/ecore/EObject;)Lorg/uqbar/project/wollok/interpreter/core/WollokObject;+63
j  org.uqbar.project.wollok.interpreter.WollokInterpreterEvaluator.eval(Lorg/eclipse/emf/ecore/EObject;)Lorg/uqbar/project/wollok/interpreter/core/WollokObject;+5
j  org.uqbar.project.wollok.launch.WollokLauncherInterpreterEvaluator._evaluate(Lorg/uqbar/project/wollok/wollokDsl/WFile;)Lorg/uqbar/project/wollok/interpreter/core/WollokObject;+32
j  org.uqbar.project.wollok.launch.WollokLauncherInterpreterEvaluator.evaluate(Lorg/eclipse/emf/ecore/EObject;)Lorg/uqbar/project/wollok/interpreter/core/WollokObject;+428
j  org.uqbar.project.wollok.interpreter.WollokInterpreterEvaluator.evaluate(Lorg/eclipse/emf/ecore/EObject;)Ljava/lang/Object;+2
j  org.uqbar.project.wollok.interpreter.WollokInterpreter.interpret(Lorg/eclipse/emf/ecore/EObject;Ljava/lang/Boolean;)Lorg/uqbar/project/wollok/interpreter/core/WollokObject;+25
j  org.uqbar.project.wollok.interpreter.WollokInterpreter.interpret(Lorg/eclipse/emf/ecore/EObject;)Lorg/uqbar/project/wollok/interpreter/core/WollokObject;+8
j  org.uqbar.project.wollok.launch.WollokLauncher.doSomething(Lorg/uqbar/project/wollok/wollokDsl/WFile;Lcom/google/inject/Injector;Ljava/io/File;Lorg/uqbar/project/wollok/launch/WollokLauncherParameters;)V+109
j  org.uqbar.project.wollok.launch.WollokChecker.launch(Ljava/lang/String;Lorg/uqbar/project/wollok/launch/WollokLauncherParameters;)V+31
j  org.uqbar.project.wollok.launch.WollokChecker.doMain([Ljava/lang/String;)V+205
j  org.uqbar.project.wollok.launch.WollokLauncher.main([Ljava/lang/String;)V+8
v  ~StubRoutines::call_stub

siginfo: EXCEPTION_ACCESS_VIOLATION (0xc0000005), reading address 0x00000247e8eb5004


Register to memory mapping:

RIP=0x00000247ea181066 OpenAL64.dll
RAX=0x00000000e8031868 is an unknown value
RBX=0x00000247ec9f0090 points into unknown readable memory: 0x0000000100000002 | 02 00 00 00 01 00 00 00
RCX=0x00000247e8eb5008 is an unknown value
RDX=0x00000247e8eb5004 is an unknown value
RSP=0x00000078273fc610 is pointing into the stack for thread: 0x00000247c191b000
RBP=0x00000000000000ff is an unknown value
RSI=0x00000247e8eb17fc points into unknown readable memory: ff ff ff ff
RDI=0x0 is NULL
R8 =0x0000000000000e02 is an unknown value
R9 =0x00000247e8eb17fc points into unknown readable memory: ff ff ff ff
R10=0x00000247cb85f748 is at code_begin+1000 in an Interpreter codelet
method entry point (kind = native)  [0x00000247cb85f360, 0x00000247cb85fe00]  2720 bytes
R11=0x000000070e07ef68 is an oop: java.lang.Class 
{0x000000070e07ef68} - klass: 'java/lang/Class'
R12=0x0000000000000001 is an unknown value
R13={method} {0x00000247eb29f858} 'nalcCreateContext' '(JJ)J' in 'org/lwjgl/openal/ALC10'
R14=0x00000078273fc7b0 is pointing into the stack for thread: 0x00000247c191b000
R15=0x00000247c191b000 is a thread


Registers:
RAX=0x00000000e8031868, RBX=0x00000247ec9f0090, RCX=0x00000247e8eb5008, RDX=0x00000247e8eb5004
RSP=0x00000078273fc610, RBP=0x00000000000000ff, RSI=0x00000247e8eb17fc, RDI=0x0000000000000000
R8 =0x0000000000000e02, R9 =0x00000247e8eb17fc, R10=0x00000247cb85f748, R11=0x000000070e07ef68
R12=0x0000000000000001, R13=0x00000247eb29f850, R14=0x00000078273fc7b0, R15=0x00000247c191b000
RIP=0x00000247ea181066, EFLAGS=0x0000000000010202

Top of Stack: (sp=0x00000078273fc610)
0x00000078273fc610:   0000000200000004 0000000000000002
0x00000078273fc620:   00000247c191b5b0 0000002800000003
0x00000078273fc630:   00000247c191b000 00000078273fc7b0
0x00000078273fc640:   00000247eb29f850 00007ffcd9e3f645
0x00000078273fc650:   0000000000000000 00000000000001f0
0x00000078273fc660:   00000247c191b000 00000247c191b000
0x00000078273fc670:   0000000000000000 00007ffcd9bc6dec
0x00000078273fc680:   00000247c191b000 00000078273fc7b0
0x00000078273fc690:   00000247eb29f850 0000000000000000
0x00000078273fc6a0:   00000247e8eb17fc 00000000000001f0
0x00000078273fc6b0:   00000078273fc778 00000247ea18248f
0x00000078273fc6c0:   00000247ec9f0090 00000247ec9f0090
0x00000078273fc6d0:   00000247e8031868 0000000000000004
0x00000078273fc6e0:   0000000000000000 00000247cb85f777
0x00000078273fc6f0:   00000247eb29f850 00000247cb85f45c
0x00000078273fc700:   00000247eb29f850 00000078273fc778 

Instructions: (pc=0x00000247ea181066)
0x00000247ea180f66:   b0 00 00 00 0f ba a3 fc 00 00 00 1f 44 89 9c 24
0x00000247ea180f76:   b0 00 00 00 73 15 48 8b 83 f8 61 01 00 48 8b cb
0x00000247ea180f86:   ff 50 20 44 8b 9c 24 b0 00 00 00 0f ba b3 fc 00
0x00000247ea180f96:   00 00 1f 44 89 7b 38 44 89 6b 44 44 89 73 48 e9
0x00000247ea180fa6:   56 01 00 00 83 3d 4f 94 04 00 02 0f 8c 8e fe ff
0x00000247ea180fb6:   ff 4c 8d 05 a2 2c 03 00 e9 6f fe ff ff 48 3b d7
0x00000247ea180fc6:   0f 84 3f 01 00 00 39 3a 0f 84 37 01 00 00 0f ba
0x00000247ea180fd6:   a1 fc 00 00 00 1f 73 0a 48 8b 81 f8 61 01 00 ff
0x00000247ea180fe6:   50 20 8b 43 38 0f ba b3 fc 00 00 00 1f 8b 6b 64
0x00000247ea180ff6:   44 8b 63 68 89 84 24 c0 00 00 00 8b 43 6c 89 84
0x00000247ea181006:   24 c8 00 00 00 4c 8b c7 39 3e 74 58 48 8b d6 48
0x00000247ea181016:   8d 4e 04 81 3a 07 10 00 00 75 10 8b 01 83 8b fc
0x00000247ea181026:   00 00 00 02 89 84 24 c0 00 00 00 81 3a 11 10 00
0x00000247ea181036:   00 75 10 8b 6b 5c 44 8b 21 44 3b e5 44 0f 47 e5
0x00000247ea181046:   41 2b ec 81 3a 03 00 02 00 75 09 8b 01 89 84 24
0x00000247ea181056:   c8 00 00 00 49 83 c0 02 48 83 c1 08 4a 8d 14 86
0x00000247ea181066:   39 3a 75 af 4c 8d 84 24 c0 00 00 00 48 8d 15 d7
0x00000247ea181076:   2b 03 00 33 c9 e8 58 5f 00 00 b8 40 1f 00 00 4c
0x00000247ea181086:   8d 84 24 c8 00 00 00 39 84 24 c0 00 00 00 48 8d
0x00000247ea181096:   15 e9 2b 03 00 0f 47 84 24 c0 00 00 00 33 c9 89
0x00000247ea1810a6:   84 24 c0 00 00 00 e8 27 5f 00 00 8b 43 3c 44 8b
0x00000247ea1810b6:   84 24 c0 00 00 00 8b 4b 38 41 bb 04 00 00 00 44
0x00000247ea1810c6:   39 9c 24 c8 00 00 00 44 0f 42 9c 24 c8 00 00 00
0x00000247ea1810d6:   33 d2 44 89 9c 24 c8 00 00 00 49 0f af c0 48 f7
0x00000247ea1810e6:   f1 89 43 3c f6 05 43 b6 04 00 01 74 09 83 c0 03
0x00000247ea1810f6:   83 e0 fc 89 43 3c 44 89 43 38 44 89 5b 6c 44 89
0x00000247ea181106:   63 68 89 6b 64 44 8b 9b fc 00 00 00 41 0f ba e3
0x00000247ea181116:   1f 0f 82 6a 05 00 00 44 8b 6b 38 8b 6b 44 44 8b
0x00000247ea181126:   63 48 41 bf 03 00 00 00 48 8d 35 5b 2b 03 00 4c
0x00000247ea181136:   8d 35 80 dc 02 00 44 39 3d bd 92 04 00 0f 8c 81
0x00000247ea181146:   00 00 00 4c 8d 15 88 28 03 00 4c 8d 35 f5 2a 03
0x00000247ea181156:   00 41 f6 c3 02 4d 8b ca 41 8b cc 4d 0f 45 ce e8 


Stack slot to memory mapping:
stack at sp + 0 slots: 0x0000000200000004 is an unknown value
stack at sp + 1 slots: 0x0000000000000002 is an unknown value
stack at sp + 2 slots: 0x00000247c191b5b0 points into unknown readable memory: 0x6e616c2e6176616a | 6a 61 76 61 2e 6c 61 6e
stack at sp + 3 slots: 0x0000002800000003 is an unknown value
stack at sp + 4 slots: 0x00000247c191b000 is a thread
stack at sp + 5 slots: 0x00000078273fc7b0 is pointing into the stack for thread: 0x00000247c191b000
stack at sp + 6 slots: {method} {0x00000247eb29f858} 'nalcCreateContext' '(JJ)J' in 'org/lwjgl/openal/ALC10'
stack at sp + 7 slots: 0x00007ffcd9e3f645 jvm.dll


---------------  P R O C E S S  ---------------

Threads class SMR info:
_java_thread_list=0x00000247e842cc20, length=13, elements={
0x00000247c191b000, 0x00000247e6cb4800, 0x00000247e6cb5800, 0x00000247e75b3800,
0x00000247e75b5000, 0x00000247e75b7000, 0x00000247e75be000, 0x00000247e75d5000,
0x00000247e75d7000, 0x00000247e7748800, 0x00000247e77d9800, 0x00000247e8792800,
0x00000247e828e800
}

Java Threads: ( => current thread )
=>0x00000247c191b000 JavaThread "main" [_thread_in_native, id=13276, stack(0x0000007827300000,0x0000007827400000)]
  0x00000247e6cb4800 JavaThread "Reference Handler" daemon [_thread_blocked, id=17200, stack(0x0000007827a00000,0x0000007827b00000)]
  0x00000247e6cb5800 JavaThread "Finalizer" daemon [_thread_blocked, id=17976, stack(0x0000007827b00000,0x0000007827c00000)]
  0x00000247e75b3800 JavaThread "Signal Dispatcher" daemon [_thread_blocked, id=17216, stack(0x0000007827d00000,0x0000007827e00000)]
  0x00000247e75b5000 JavaThread "Attach Listener" daemon [_thread_blocked, id=18780, stack(0x0000007827e00000,0x0000007827f00000)]
  0x00000247e75b7000 JavaThread "Service Thread" daemon [_thread_blocked, id=10796, stack(0x0000007827f00000,0x0000007828000000)]
  0x00000247e75be000 JavaThread "C2 CompilerThread0" daemon [_thread_in_native, id=10768, stack(0x0000007828000000,0x0000007828100000)]
  0x00000247e75d5000 JavaThread "C1 CompilerThread0" daemon [_thread_blocked, id=7192, stack(0x0000007828100000,0x0000007828200000)]
  0x00000247e75d7000 JavaThread "Sweeper thread" daemon [_thread_blocked, id=18992, stack(0x0000007828200000,0x0000007828300000)]
  0x00000247e7748800 JavaThread "Common-Cleaner" daemon [_thread_blocked, id=9988, stack(0x0000007828400000,0x0000007828500000)]
  0x00000247e77d9800 JavaThread "C2 CompilerThread1" daemon [_thread_blocked, id=4856, stack(0x0000007828500000,0x0000007828600000)]
  0x00000247e8792800 JavaThread "EMF Reference Cleaner" daemon [_thread_blocked, id=8664, stack(0x0000007828900000,0x0000007828a00000)]
  0x00000247e828e800 JavaThread "com.google.inject.internal.util.$Finalizer" daemon [_thread_blocked, id=18456, stack(0x0000007828c00000,0x0000007828d00000)]

Other Threads:
  0x00000247e6cdd800 VMThread "VM Thread" [stack: 0x0000007827900000,0x0000007827a00000] [id=10204]
  0x00000247e773c000 WatcherThread [stack: 0x0000007828300000,0x0000007828400000] [id=7308]
  0x00000247c1934800 GCTaskThread "GC Thread#0" [stack: 0x0000007827400000,0x0000007827500000] [id=11220]
  0x00000247e804e800 GCTaskThread "GC Thread#1" [stack: 0x0000007828600000,0x0000007828700000] [id=1696]
  0x00000247e80c7800 GCTaskThread "GC Thread#2" [stack: 0x0000007828700000,0x0000007828800000] [id=13888]
  0x00000247e80e0800 GCTaskThread "GC Thread#3" [stack: 0x0000007828800000,0x0000007828900000] [id=13176]
  0x00000247c1990800 ConcurrentGCThread "G1 Main Marker" [stack: 0x0000007827500000,0x0000007827600000] [id=12496]
  0x00000247c1992000 ConcurrentGCThread "G1 Conc#0" [stack: 0x0000007827600000,0x0000007827700000] [id=7304]
  0x00000247e6b90000 ConcurrentGCThread "G1 Refine#0" [stack: 0x0000007827700000,0x0000007827800000] [id=11540]
  0x00000247e8983800 ConcurrentGCThread "G1 Refine#1" [stack: 0x0000007828a00000,0x0000007828b00000] [id=12548]
  0x00000247e8d49800 ConcurrentGCThread "G1 Refine#2" [stack: 0x0000007828b00000,0x0000007828c00000] [id=4884]
  0x00000247e6b92000 ConcurrentGCThread "G1 Young RemSet Sampling" [stack: 0x0000007827800000,0x0000007827900000] [id=15784]

Threads with active compile tasks:
C2 CompilerThread0     2293 3151       4       com.google.common.collect.Iterators$6::transform (11 bytes)

VM state:not at safepoint (normal execution)

VM Mutex/Monitor currently owned by a thread: None

Heap address: 0x0000000700c00000, size: 4084 MB, Compressed Oops mode: Zero based, Oop shift amount: 3
Narrow klass base: 0x0000000800000000, Narrow klass shift: 0
Compressed class space size: 1073741824 Address: 0x0000000800000000

Heap:
 garbage-first heap   total 262144K, used 61040K [0x0000000700c00000, 0x0000000800000000)
  region size 1024K, 44 young (45056K), 4 survivors (4096K)
 Metaspace       used 26377K, capacity 26620K, committed 26624K, reserved 1073152K
  class space    used 2963K, capacity 3070K, committed 3072K, reserved 1048576K
Heap Regions: E=young(eden), S=young(survivor), O=old, HS=humongous(starts), HC=humongous(continues), CS=collection set, F=free, A=archive, TAMS=top-at-mark-start (previous, next)
|   0|0x0000000700c00000, 0x0000000700c00000, 0x0000000700d00000|  0%| F|  |TAMS 0x0000000700c00000, 0x0000000700c00000| Untracked 
|   1|0x0000000700d00000, 0x0000000700e00000, 0x0000000700e00000|100%| O|  |TAMS 0x0000000700e00000, 0x0000000700d00000| Untracked 
|   2|0x0000000700e00000, 0x0000000700f00000, 0x0000000700f00000|100%| O|  |TAMS 0x0000000700f00000, 0x0000000700e00000| Untracked 
|   3|0x0000000700f00000, 0x0000000701000000, 0x0000000701000000|100%| O|  |TAMS 0x0000000701000000, 0x0000000700f00000| Untracked 
|   4|0x0000000701000000, 0x0000000701100000, 0x0000000701100000|100%| O|  |TAMS 0x0000000701100000, 0x0000000701000000| Untracked 
|   5|0x0000000701100000, 0x0000000701200000, 0x0000000701200000|100%| O|  |TAMS 0x0000000701200000, 0x0000000701100000| Untracked 
|   6|0x0000000701200000, 0x0000000701300000, 0x0000000701300000|100%| O|  |TAMS 0x0000000701300000, 0x0000000701200000| Untracked 
|   7|0x0000000701300000, 0x0000000701400000, 0x0000000701400000|100%| O|  |TAMS 0x0000000701400000, 0x0000000701300000| Untracked 
|   8|0x0000000701400000, 0x0000000701500000, 0x0000000701500000|100%| O|  |TAMS 0x0000000701500000, 0x0000000701400000| Untracked 
|   9|0x0000000701500000, 0x0000000701600000, 0x0000000701600000|100%| O|  |TAMS 0x0000000701600000, 0x0000000701500000| Untracked 
|  10|0x0000000701600000, 0x0000000701700000, 0x0000000701700000|100%| O|  |TAMS 0x0000000701700000, 0x0000000701600000| Untracked 
|  11|0x0000000701700000, 0x0000000701800000, 0x0000000701800000|100%| O|  |TAMS 0x0000000701800000, 0x0000000701700000| Untracked 
|  12|0x0000000701800000, 0x0000000701900000, 0x0000000701900000|100%| O|  |TAMS 0x0000000701900000, 0x0000000701800000| Untracked 
|  13|0x0000000701900000, 0x0000000701a00000, 0x0000000701a00000|100%| O|  |TAMS 0x0000000701a00000, 0x0000000701900000| Untracked 
|  14|0x0000000701a00000, 0x0000000701b00000, 0x0000000701b00000|100%| O|  |TAMS 0x0000000701b00000, 0x0000000701a00000| Untracked 
|  15|0x0000000701b00000, 0x0000000701c00000, 0x0000000701c00000|100%| O|  |TAMS 0x0000000701c00000, 0x0000000701b00000| Untracked 
|  16|0x0000000701c00000, 0x0000000701d00000, 0x0000000701d00000|100%| O|  |TAMS 0x0000000701d00000, 0x0000000701c00000| Untracked 
|  17|0x0000000701d00000, 0x0000000701e00000, 0x0000000701e00000|100%| O|  |TAMS 0x0000000701e00000, 0x0000000701d00000| Untracked 
|  18|0x0000000701e00000, 0x0000000701e00000, 0x0000000701f00000|  0%| F|  |TAMS 0x0000000701e00000, 0x0000000701e00000| Untracked 
|  19|0x0000000701f00000, 0x0000000701f00000, 0x0000000702000000|  0%| F|  |TAMS 0x0000000701f00000, 0x0000000701f00000| Untracked 
|  20|0x0000000702000000, 0x0000000702000000, 0x0000000702100000|  0%| F|  |TAMS 0x0000000702000000, 0x0000000702000000| Untracked 
|  21|0x0000000702100000, 0x0000000702100000, 0x0000000702200000|  0%| F|  |TAMS 0x0000000702100000, 0x0000000702100000| Untracked 
|  22|0x0000000702200000, 0x0000000702200000, 0x0000000702300000|  0%| F|  |TAMS 0x0000000702200000, 0x0000000702200000| Untracked 
|  23|0x0000000702300000, 0x0000000702300000, 0x0000000702400000|  0%| F|  |TAMS 0x0000000702300000, 0x0000000702300000| Untracked 
|  24|0x0000000702400000, 0x0000000702400000, 0x0000000702500000|  0%| F|  |TAMS 0x0000000702400000, 0x0000000702400000| Untracked 
|  25|0x0000000702500000, 0x0000000702500000, 0x0000000702600000|  0%| F|  |TAMS 0x0000000702500000, 0x0000000702500000| Untracked 
|  26|0x0000000702600000, 0x0000000702600000, 0x0000000702700000|  0%| F|  |TAMS 0x0000000702600000, 0x0000000702600000| Untracked 
|  27|0x0000000702700000, 0x0000000702700000, 0x0000000702800000|  0%| F|  |TAMS 0x0000000702700000, 0x0000000702700000| Untracked 
|  28|0x0000000702800000, 0x0000000702800000, 0x0000000702900000|  0%| F|  |TAMS 0x0000000702800000, 0x0000000702800000| Untracked 
|  29|0x0000000702900000, 0x0000000702900000, 0x0000000702a00000|  0%| F|  |TAMS 0x0000000702900000, 0x0000000702900000| Untracked 
|  30|0x0000000702a00000, 0x0000000702a00000, 0x0000000702b00000|  0%| F|  |TAMS 0x0000000702a00000, 0x0000000702a00000| Untracked 
|  31|0x0000000702b00000, 0x0000000702b00000, 0x0000000702c00000|  0%| F|  |TAMS 0x0000000702b00000, 0x0000000702b00000| Untracked 
|  32|0x0000000702c00000, 0x0000000702c00000, 0x0000000702d00000|  0%| F|  |TAMS 0x0000000702c00000, 0x0000000702c00000| Untracked 
|  33|0x0000000702d00000, 0x0000000702d00000, 0x0000000702e00000|  0%| F|  |TAMS 0x0000000702d00000, 0x0000000702d00000| Untracked 
|  34|0x0000000702e00000, 0x0000000702e00000, 0x0000000702f00000|  0%| F|  |TAMS 0x0000000702e00000, 0x0000000702e00000| Untracked 
|  35|0x0000000702f00000, 0x0000000702f00000, 0x0000000703000000|  0%| F|  |TAMS 0x0000000702f00000, 0x0000000702f00000| Untracked 
|  36|0x0000000703000000, 0x0000000703000000, 0x0000000703100000|  0%| F|  |TAMS 0x0000000703000000, 0x0000000703000000| Untracked 
|  37|0x0000000703100000, 0x0000000703100000, 0x0000000703200000|  0%| F|  |TAMS 0x0000000703100000, 0x0000000703100000| Untracked 
|  38|0x0000000703200000, 0x0000000703200000, 0x0000000703300000|  0%| F|  |TAMS 0x0000000703200000, 0x0000000703200000| Untracked 
|  39|0x0000000703300000, 0x0000000703300000, 0x0000000703400000|  0%| F|  |TAMS 0x0000000703300000, 0x0000000703300000| Untracked 
|  40|0x0000000703400000, 0x0000000703400000, 0x0000000703500000|  0%| F|  |TAMS 0x0000000703400000, 0x0000000703400000| Untracked 
|  41|0x0000000703500000, 0x0000000703500000, 0x0000000703600000|  0%| F|  |TAMS 0x0000000703500000, 0x0000000703500000| Untracked 
|  42|0x0000000703600000, 0x0000000703600000, 0x0000000703700000|  0%| F|  |TAMS 0x0000000703600000, 0x0000000703600000| Untracked 
|  43|0x0000000703700000, 0x0000000703700000, 0x0000000703800000|  0%| F|  |TAMS 0x0000000703700000, 0x0000000703700000| Untracked 
|  44|0x0000000703800000, 0x0000000703800000, 0x0000000703900000|  0%| F|  |TAMS 0x0000000703800000, 0x0000000703800000| Untracked 
|  45|0x0000000703900000, 0x0000000703900000, 0x0000000703a00000|  0%| F|  |TAMS 0x0000000703900000, 0x0000000703900000| Untracked 
|  46|0x0000000703a00000, 0x0000000703a00000, 0x0000000703b00000|  0%| F|  |TAMS 0x0000000703a00000, 0x0000000703a00000| Untracked 
|  47|0x0000000703b00000, 0x0000000703b00000, 0x0000000703c00000|  0%| F|  |TAMS 0x0000000703b00000, 0x0000000703b00000| Untracked 
|  48|0x0000000703c00000, 0x0000000703c00000, 0x0000000703d00000|  0%| F|  |TAMS 0x0000000703c00000, 0x0000000703c00000| Untracked 
|  49|0x0000000703d00000, 0x0000000703d00000, 0x0000000703e00000|  0%| F|  |TAMS 0x0000000703d00000, 0x0000000703d00000| Untracked 
|  50|0x0000000703e00000, 0x0000000703e00000, 0x0000000703f00000|  0%| F|  |TAMS 0x0000000703e00000, 0x0000000703e00000| Untracked 
|  51|0x0000000703f00000, 0x0000000703f00000, 0x0000000704000000|  0%| F|  |TAMS 0x0000000703f00000, 0x0000000703f00000| Untracked 
|  52|0x0000000704000000, 0x0000000704000000, 0x0000000704100000|  0%| F|  |TAMS 0x0000000704000000, 0x0000000704000000| Untracked 
|  53|0x0000000704100000, 0x0000000704100000, 0x0000000704200000|  0%| F|  |TAMS 0x0000000704100000, 0x0000000704100000| Untracked 
|  54|0x0000000704200000, 0x0000000704200000, 0x0000000704300000|  0%| F|  |TAMS 0x0000000704200000, 0x0000000704200000| Untracked 
|  55|0x0000000704300000, 0x0000000704300000, 0x0000000704400000|  0%| F|  |TAMS 0x0000000704300000, 0x0000000704300000| Untracked 
|  56|0x0000000704400000, 0x0000000704400000, 0x0000000704500000|  0%| F|  |TAMS 0x0000000704400000, 0x0000000704400000| Untracked 
|  57|0x0000000704500000, 0x0000000704500000, 0x0000000704600000|  0%| F|  |TAMS 0x0000000704500000, 0x0000000704500000| Untracked 
|  58|0x0000000704600000, 0x0000000704600000, 0x0000000704700000|  0%| F|  |TAMS 0x0000000704600000, 0x0000000704600000| Untracked 
|  59|0x0000000704700000, 0x0000000704700000, 0x0000000704800000|  0%| F|  |TAMS 0x0000000704700000, 0x0000000704700000| Untracked 
|  60|0x0000000704800000, 0x0000000704800000, 0x0000000704900000|  0%| F|  |TAMS 0x0000000704800000, 0x0000000704800000| Untracked 
|  61|0x0000000704900000, 0x0000000704900000, 0x0000000704a00000|  0%| F|  |TAMS 0x0000000704900000, 0x0000000704900000| Untracked 
|  62|0x0000000704a00000, 0x0000000704a00000, 0x0000000704b00000|  0%| F|  |TAMS 0x0000000704a00000, 0x0000000704a00000| Untracked 
|  63|0x0000000704b00000, 0x0000000704b00000, 0x0000000704c00000|  0%| F|  |TAMS 0x0000000704b00000, 0x0000000704b00000| Untracked 
|  64|0x0000000704c00000, 0x0000000704c00000, 0x0000000704d00000|  0%| F|  |TAMS 0x0000000704c00000, 0x0000000704c00000| Untracked 
|  65|0x0000000704d00000, 0x0000000704d00000, 0x0000000704e00000|  0%| F|  |TAMS 0x0000000704d00000, 0x0000000704d00000| Untracked 
|  66|0x0000000704e00000, 0x0000000704e00000, 0x0000000704f00000|  0%| F|  |TAMS 0x0000000704e00000, 0x0000000704e00000| Untracked 
|  67|0x0000000704f00000, 0x0000000704f00000, 0x0000000705000000|  0%| F|  |TAMS 0x0000000704f00000, 0x0000000704f00000| Untracked 
|  68|0x0000000705000000, 0x0000000705000000, 0x0000000705100000|  0%| F|  |TAMS 0x0000000705000000, 0x0000000705000000| Untracked 
|  69|0x0000000705100000, 0x0000000705100000, 0x0000000705200000|  0%| F|  |TAMS 0x0000000705100000, 0x0000000705100000| Untracked 
|  70|0x0000000705200000, 0x0000000705200000, 0x0000000705300000|  0%| F|  |TAMS 0x0000000705200000, 0x0000000705200000| Untracked 
|  71|0x0000000705300000, 0x0000000705300000, 0x0000000705400000|  0%| F|  |TAMS 0x0000000705300000, 0x0000000705300000| Untracked 
|  72|0x0000000705400000, 0x0000000705400000, 0x0000000705500000|  0%| F|  |TAMS 0x0000000705400000, 0x0000000705400000| Untracked 
|  73|0x0000000705500000, 0x0000000705500000, 0x0000000705600000|  0%| F|  |TAMS 0x0000000705500000, 0x0000000705500000| Untracked 
|  74|0x0000000705600000, 0x0000000705600000, 0x0000000705700000|  0%| F|  |TAMS 0x0000000705600000, 0x0000000705600000| Untracked 
|  75|0x0000000705700000, 0x0000000705700000, 0x0000000705800000|  0%| F|  |TAMS 0x0000000705700000, 0x0000000705700000| Untracked 
|  76|0x0000000705800000, 0x0000000705800000, 0x0000000705900000|  0%| F|  |TAMS 0x0000000705800000, 0x0000000705800000| Untracked 
|  77|0x0000000705900000, 0x0000000705900000, 0x0000000705a00000|  0%| F|  |TAMS 0x0000000705900000, 0x0000000705900000| Untracked 
|  78|0x0000000705a00000, 0x0000000705a00000, 0x0000000705b00000|  0%| F|  |TAMS 0x0000000705a00000, 0x0000000705a00000| Untracked 
|  79|0x0000000705b00000, 0x0000000705b00000, 0x0000000705c00000|  0%| F|  |TAMS 0x0000000705b00000, 0x0000000705b00000| Untracked 
|  80|0x0000000705c00000, 0x0000000705c00000, 0x0000000705d00000|  0%| F|  |TAMS 0x0000000705c00000, 0x0000000705c00000| Untracked 
|  81|0x0000000705d00000, 0x0000000705d00000, 0x0000000705e00000|  0%| F|  |TAMS 0x0000000705d00000, 0x0000000705d00000| Untracked 
|  82|0x0000000705e00000, 0x0000000705e00000, 0x0000000705f00000|  0%| F|  |TAMS 0x0000000705e00000, 0x0000000705e00000| Untracked 
|  83|0x0000000705f00000, 0x0000000705f00000, 0x0000000706000000|  0%| F|  |TAMS 0x0000000705f00000, 0x0000000705f00000| Untracked 
|  84|0x0000000706000000, 0x0000000706000000, 0x0000000706100000|  0%| F|  |TAMS 0x0000000706000000, 0x0000000706000000| Untracked 
|  85|0x0000000706100000, 0x0000000706100000, 0x0000000706200000|  0%| F|  |TAMS 0x0000000706100000, 0x0000000706100000| Untracked 
|  86|0x0000000706200000, 0x0000000706200000, 0x0000000706300000|  0%| F|  |TAMS 0x0000000706200000, 0x0000000706200000| Untracked 
|  87|0x0000000706300000, 0x0000000706300000, 0x0000000706400000|  0%| F|  |TAMS 0x0000000706300000, 0x0000000706300000| Untracked 
|  88|0x0000000706400000, 0x0000000706400000, 0x0000000706500000|  0%| F|  |TAMS 0x0000000706400000, 0x0000000706400000| Untracked 
|  89|0x0000000706500000, 0x0000000706500000, 0x0000000706600000|  0%| F|  |TAMS 0x0000000706500000, 0x0000000706500000| Untracked 
|  90|0x0000000706600000, 0x0000000706600000, 0x0000000706700000|  0%| F|  |TAMS 0x0000000706600000, 0x0000000706600000| Untracked 
|  91|0x0000000706700000, 0x0000000706700000, 0x0000000706800000|  0%| F|  |TAMS 0x0000000706700000, 0x0000000706700000| Untracked 
|  92|0x0000000706800000, 0x0000000706800000, 0x0000000706900000|  0%| F|  |TAMS 0x0000000706800000, 0x0000000706800000| Untracked 
|  93|0x0000000706900000, 0x0000000706900000, 0x0000000706a00000|  0%| F|  |TAMS 0x0000000706900000, 0x0000000706900000| Untracked 
|  94|0x0000000706a00000, 0x0000000706a00000, 0x0000000706b00000|  0%| F|  |TAMS 0x0000000706a00000, 0x0000000706a00000| Untracked 
|  95|0x0000000706b00000, 0x0000000706b00000, 0x0000000706c00000|  0%| F|  |TAMS 0x0000000706b00000, 0x0000000706b00000| Untracked 
|  96|0x0000000706c00000, 0x0000000706c00000, 0x0000000706d00000|  0%| F|  |TAMS 0x0000000706c00000, 0x0000000706c00000| Untracked 
|  97|0x0000000706d00000, 0x0000000706d00000, 0x0000000706e00000|  0%| F|  |TAMS 0x0000000706d00000, 0x0000000706d00000| Untracked 
|  98|0x0000000706e00000, 0x0000000706e00000, 0x0000000706f00000|  0%| F|  |TAMS 0x0000000706e00000, 0x0000000706e00000| Untracked 
|  99|0x0000000706f00000, 0x0000000706f00000, 0x0000000707000000|  0%| F|  |TAMS 0x0000000706f00000, 0x0000000706f00000| Untracked 
| 100|0x0000000707000000, 0x0000000707000000, 0x0000000707100000|  0%| F|  |TAMS 0x0000000707000000, 0x0000000707000000| Untracked 
| 101|0x0000000707100000, 0x0000000707100000, 0x0000000707200000|  0%| F|  |TAMS 0x0000000707100000, 0x0000000707100000| Untracked 
| 102|0x0000000707200000, 0x0000000707200000, 0x0000000707300000|  0%| F|  |TAMS 0x0000000707200000, 0x0000000707200000| Untracked 
| 103|0x0000000707300000, 0x0000000707300000, 0x0000000707400000|  0%| F|  |TAMS 0x0000000707300000, 0x0000000707300000| Untracked 
| 104|0x0000000707400000, 0x0000000707400000, 0x0000000707500000|  0%| F|  |TAMS 0x0000000707400000, 0x0000000707400000| Untracked 
| 105|0x0000000707500000, 0x0000000707500000, 0x0000000707600000|  0%| F|  |TAMS 0x0000000707500000, 0x0000000707500000| Untracked 
| 106|0x0000000707600000, 0x0000000707600000, 0x0000000707700000|  0%| F|  |TAMS 0x0000000707600000, 0x0000000707600000| Untracked 
| 107|0x0000000707700000, 0x0000000707700000, 0x0000000707800000|  0%| F|  |TAMS 0x0000000707700000, 0x0000000707700000| Untracked 
| 108|0x0000000707800000, 0x0000000707800000, 0x0000000707900000|  0%| F|  |TAMS 0x0000000707800000, 0x0000000707800000| Untracked 
| 109|0x0000000707900000, 0x0000000707900000, 0x0000000707a00000|  0%| F|  |TAMS 0x0000000707900000, 0x0000000707900000| Untracked 
| 110|0x0000000707a00000, 0x0000000707a00000, 0x0000000707b00000|  0%| F|  |TAMS 0x0000000707a00000, 0x0000000707a00000| Untracked 
| 111|0x0000000707b00000, 0x0000000707b00000, 0x0000000707c00000|  0%| F|  |TAMS 0x0000000707b00000, 0x0000000707b00000| Untracked 
| 112|0x0000000707c00000, 0x0000000707c00000, 0x0000000707d00000|  0%| F|  |TAMS 0x0000000707c00000, 0x0000000707c00000| Untracked 
| 113|0x0000000707d00000, 0x0000000707d00000, 0x0000000707e00000|  0%| F|  |TAMS 0x0000000707d00000, 0x0000000707d00000| Untracked 
| 114|0x0000000707e00000, 0x0000000707e00000, 0x0000000707f00000|  0%| F|  |TAMS 0x0000000707e00000, 0x0000000707e00000| Untracked 
| 115|0x0000000707f00000, 0x0000000707f00000, 0x0000000708000000|  0%| F|  |TAMS 0x0000000707f00000, 0x0000000707f00000| Untracked 
| 116|0x0000000708000000, 0x0000000708000000, 0x0000000708100000|  0%| F|  |TAMS 0x0000000708000000, 0x0000000708000000| Untracked 
| 117|0x0000000708100000, 0x0000000708100000, 0x0000000708200000|  0%| F|  |TAMS 0x0000000708100000, 0x0000000708100000| Untracked 
| 118|0x0000000708200000, 0x0000000708200000, 0x0000000708300000|  0%| F|  |TAMS 0x0000000708200000, 0x0000000708200000| Untracked 
| 119|0x0000000708300000, 0x0000000708300000, 0x0000000708400000|  0%| F|  |TAMS 0x0000000708300000, 0x0000000708300000| Untracked 
| 120|0x0000000708400000, 0x0000000708400000, 0x0000000708500000|  0%| F|  |TAMS 0x0000000708400000, 0x0000000708400000| Untracked 
| 121|0x0000000708500000, 0x0000000708500000, 0x0000000708600000|  0%| F|  |TAMS 0x0000000708500000, 0x0000000708500000| Untracked 
| 122|0x0000000708600000, 0x0000000708600000, 0x0000000708700000|  0%| F|  |TAMS 0x0000000708600000, 0x0000000708600000| Untracked 
| 123|0x0000000708700000, 0x0000000708700000, 0x0000000708800000|  0%| F|  |TAMS 0x0000000708700000, 0x0000000708700000| Untracked 
| 124|0x0000000708800000, 0x0000000708800000, 0x0000000708900000|  0%| F|  |TAMS 0x0000000708800000, 0x0000000708800000| Untracked 
| 125|0x0000000708900000, 0x0000000708900000, 0x0000000708a00000|  0%| F|  |TAMS 0x0000000708900000, 0x0000000708900000| Untracked 
| 126|0x0000000708a00000, 0x0000000708a00000, 0x0000000708b00000|  0%| F|  |TAMS 0x0000000708a00000, 0x0000000708a00000| Untracked 
| 127|0x0000000708b00000, 0x0000000708b00000, 0x0000000708c00000|  0%| F|  |TAMS 0x0000000708b00000, 0x0000000708b00000| Untracked 
| 128|0x0000000708c00000, 0x0000000708c00000, 0x0000000708d00000|  0%| F|  |TAMS 0x0000000708c00000, 0x0000000708c00000| Untracked 
| 129|0x0000000708d00000, 0x0000000708d00000, 0x0000000708e00000|  0%| F|  |TAMS 0x0000000708d00000, 0x0000000708d00000| Untracked 
| 130|0x0000000708e00000, 0x0000000708e00000, 0x0000000708f00000|  0%| F|  |TAMS 0x0000000708e00000, 0x0000000708e00000| Untracked 
| 131|0x0000000708f00000, 0x0000000708f00000, 0x0000000709000000|  0%| F|  |TAMS 0x0000000708f00000, 0x0000000708f00000| Untracked 
| 132|0x0000000709000000, 0x0000000709000000, 0x0000000709100000|  0%| F|  |TAMS 0x0000000709000000, 0x0000000709000000| Untracked 
| 133|0x0000000709100000, 0x0000000709100000, 0x0000000709200000|  0%| F|  |TAMS 0x0000000709100000, 0x0000000709100000| Untracked 
| 134|0x0000000709200000, 0x0000000709200000, 0x0000000709300000|  0%| F|  |TAMS 0x0000000709200000, 0x0000000709200000| Untracked 
| 135|0x0000000709300000, 0x0000000709300000, 0x0000000709400000|  0%| F|  |TAMS 0x0000000709300000, 0x0000000709300000| Untracked 
| 136|0x0000000709400000, 0x0000000709400000, 0x0000000709500000|  0%| F|  |TAMS 0x0000000709400000, 0x0000000709400000| Untracked 
| 137|0x0000000709500000, 0x0000000709500000, 0x0000000709600000|  0%| F|  |TAMS 0x0000000709500000, 0x0000000709500000| Untracked 
| 138|0x0000000709600000, 0x0000000709600000, 0x0000000709700000|  0%| F|  |TAMS 0x0000000709600000, 0x0000000709600000| Untracked 
| 139|0x0000000709700000, 0x0000000709700000, 0x0000000709800000|  0%| F|  |TAMS 0x0000000709700000, 0x0000000709700000| Untracked 
| 140|0x0000000709800000, 0x0000000709800000, 0x0000000709900000|  0%| F|  |TAMS 0x0000000709800000, 0x0000000709800000| Untracked 
| 141|0x0000000709900000, 0x0000000709900000, 0x0000000709a00000|  0%| F|  |TAMS 0x0000000709900000, 0x0000000709900000| Untracked 
| 142|0x0000000709a00000, 0x0000000709a00000, 0x0000000709b00000|  0%| F|  |TAMS 0x0000000709a00000, 0x0000000709a00000| Untracked 
| 143|0x0000000709b00000, 0x0000000709b00000, 0x0000000709c00000|  0%| F|  |TAMS 0x0000000709b00000, 0x0000000709b00000| Untracked 
| 144|0x0000000709c00000, 0x0000000709c00000, 0x0000000709d00000|  0%| F|  |TAMS 0x0000000709c00000, 0x0000000709c00000| Untracked 
| 145|0x0000000709d00000, 0x0000000709d00000, 0x0000000709e00000|  0%| F|  |TAMS 0x0000000709d00000, 0x0000000709d00000| Untracked 
| 146|0x0000000709e00000, 0x0000000709e00000, 0x0000000709f00000|  0%| F|  |TAMS 0x0000000709e00000, 0x0000000709e00000| Untracked 
| 147|0x0000000709f00000, 0x0000000709f00000, 0x000000070a000000|  0%| F|  |TAMS 0x0000000709f00000, 0x0000000709f00000| Untracked 
| 148|0x000000070a000000, 0x000000070a000000, 0x000000070a100000|  0%| F|  |TAMS 0x000000070a000000, 0x000000070a000000| Untracked 
| 149|0x000000070a100000, 0x000000070a100000, 0x000000070a200000|  0%| F|  |TAMS 0x000000070a100000, 0x000000070a100000| Untracked 
| 150|0x000000070a200000, 0x000000070a200000, 0x000000070a300000|  0%| F|  |TAMS 0x000000070a200000, 0x000000070a200000| Untracked 
| 151|0x000000070a300000, 0x000000070a300000, 0x000000070a400000|  0%| F|  |TAMS 0x000000070a300000, 0x000000070a300000| Untracked 
| 152|0x000000070a400000, 0x000000070a400000, 0x000000070a500000|  0%| F|  |TAMS 0x000000070a400000, 0x000000070a400000| Untracked 
| 153|0x000000070a500000, 0x000000070a500000, 0x000000070a600000|  0%| F|  |TAMS 0x000000070a500000, 0x000000070a500000| Untracked 
| 154|0x000000070a600000, 0x000000070a600000, 0x000000070a700000|  0%| F|  |TAMS 0x000000070a600000, 0x000000070a600000| Untracked 
| 155|0x000000070a700000, 0x000000070a700000, 0x000000070a800000|  0%| F|  |TAMS 0x000000070a700000, 0x000000070a700000| Untracked 
| 156|0x000000070a800000, 0x000000070a800000, 0x000000070a900000|  0%| F|  |TAMS 0x000000070a800000, 0x000000070a800000| Untracked 
| 157|0x000000070a900000, 0x000000070a900000, 0x000000070aa00000|  0%| F|  |TAMS 0x000000070a900000, 0x000000070a900000| Untracked 
| 158|0x000000070aa00000, 0x000000070aa00000, 0x000000070ab00000|  0%| F|  |TAMS 0x000000070aa00000, 0x000000070aa00000| Untracked 
| 159|0x000000070ab00000, 0x000000070ab00000, 0x000000070ac00000|  0%| F|  |TAMS 0x000000070ab00000, 0x000000070ab00000| Untracked 
| 160|0x000000070ac00000, 0x000000070ac00000, 0x000000070ad00000|  0%| F|  |TAMS 0x000000070ac00000, 0x000000070ac00000| Untracked 
| 161|0x000000070ad00000, 0x000000070ad00000, 0x000000070ae00000|  0%| F|  |TAMS 0x000000070ad00000, 0x000000070ad00000| Untracked 
| 162|0x000000070ae00000, 0x000000070ae00000, 0x000000070af00000|  0%| F|  |TAMS 0x000000070ae00000, 0x000000070ae00000| Untracked 
| 163|0x000000070af00000, 0x000000070af00000, 0x000000070b000000|  0%| F|  |TAMS 0x000000070af00000, 0x000000070af00000| Untracked 
| 164|0x000000070b000000, 0x000000070b000000, 0x000000070b100000|  0%| F|  |TAMS 0x000000070b000000, 0x000000070b000000| Untracked 
| 165|0x000000070b100000, 0x000000070b100000, 0x000000070b200000|  0%| F|  |TAMS 0x000000070b100000, 0x000000070b100000| Untracked 
| 166|0x000000070b200000, 0x000000070b200000, 0x000000070b300000|  0%| F|  |TAMS 0x000000070b200000, 0x000000070b200000| Untracked 
| 167|0x000000070b300000, 0x000000070b300000, 0x000000070b400000|  0%| F|  |TAMS 0x000000070b300000, 0x000000070b300000| Untracked 
| 168|0x000000070b400000, 0x000000070b400000, 0x000000070b500000|  0%| F|  |TAMS 0x000000070b400000, 0x000000070b400000| Untracked 
| 169|0x000000070b500000, 0x000000070b500000, 0x000000070b600000|  0%| F|  |TAMS 0x000000070b500000, 0x000000070b500000| Untracked 
| 170|0x000000070b600000, 0x000000070b600000, 0x000000070b700000|  0%| F|  |TAMS 0x000000070b600000, 0x000000070b600000| Untracked 
| 171|0x000000070b700000, 0x000000070b700000, 0x000000070b800000|  0%| F|  |TAMS 0x000000070b700000, 0x000000070b700000| Untracked 
| 172|0x000000070b800000, 0x000000070b800000, 0x000000070b900000|  0%| F|  |TAMS 0x000000070b800000, 0x000000070b800000| Untracked 
| 173|0x000000070b900000, 0x000000070b900000, 0x000000070ba00000|  0%| F|  |TAMS 0x000000070b900000, 0x000000070b900000| Untracked 
| 174|0x000000070ba00000, 0x000000070ba00000, 0x000000070bb00000|  0%| F|  |TAMS 0x000000070ba00000, 0x000000070ba00000| Untracked 
| 175|0x000000070bb00000, 0x000000070bb00000, 0x000000070bc00000|  0%| F|  |TAMS 0x000000070bb00000, 0x000000070bb00000| Untracked 
| 176|0x000000070bc00000, 0x000000070bc00000, 0x000000070bd00000|  0%| F|  |TAMS 0x000000070bc00000, 0x000000070bc00000| Untracked 
| 177|0x000000070bd00000, 0x000000070bd00000, 0x000000070be00000|  0%| F|  |TAMS 0x000000070bd00000, 0x000000070bd00000| Untracked 
| 178|0x000000070be00000, 0x000000070be00000, 0x000000070bf00000|  0%| F|  |TAMS 0x000000070be00000, 0x000000070be00000| Untracked 
| 179|0x000000070bf00000, 0x000000070bf00000, 0x000000070c000000|  0%| F|  |TAMS 0x000000070bf00000, 0x000000070bf00000| Untracked 
| 180|0x000000070c000000, 0x000000070c000000, 0x000000070c100000|  0%| F|  |TAMS 0x000000070c000000, 0x000000070c000000| Untracked 
| 181|0x000000070c100000, 0x000000070c100000, 0x000000070c200000|  0%| F|  |TAMS 0x000000070c100000, 0x000000070c100000| Untracked 
| 182|0x000000070c200000, 0x000000070c200000, 0x000000070c300000|  0%| F|  |TAMS 0x000000070c200000, 0x000000070c200000| Untracked 
| 183|0x000000070c300000, 0x000000070c300000, 0x000000070c400000|  0%| F|  |TAMS 0x000000070c300000, 0x000000070c300000| Untracked 
| 184|0x000000070c400000, 0x000000070c400000, 0x000000070c500000|  0%| F|  |TAMS 0x000000070c400000, 0x000000070c400000| Untracked 
| 185|0x000000070c500000, 0x000000070c500000, 0x000000070c600000|  0%| F|  |TAMS 0x000000070c500000, 0x000000070c500000| Untracked 
| 186|0x000000070c600000, 0x000000070c600000, 0x000000070c700000|  0%| F|  |TAMS 0x000000070c600000, 0x000000070c600000| Untracked 
| 187|0x000000070c700000, 0x000000070c700000, 0x000000070c800000|  0%| F|  |TAMS 0x000000070c700000, 0x000000070c700000| Untracked 
| 188|0x000000070c800000, 0x000000070c800000, 0x000000070c900000|  0%| F|  |TAMS 0x000000070c800000, 0x000000070c800000| Untracked 
| 189|0x000000070c900000, 0x000000070c900000, 0x000000070ca00000|  0%| F|  |TAMS 0x000000070c900000, 0x000000070c900000| Untracked 
| 190|0x000000070ca00000, 0x000000070ca00000, 0x000000070cb00000|  0%| F|  |TAMS 0x000000070ca00000, 0x000000070ca00000| Untracked 
| 191|0x000000070cb00000, 0x000000070cb00000, 0x000000070cc00000|  0%| F|  |TAMS 0x000000070cb00000, 0x000000070cb00000| Untracked 
| 192|0x000000070cc00000, 0x000000070cc00000, 0x000000070cd00000|  0%| F|  |TAMS 0x000000070cc00000, 0x000000070cc00000| Untracked 
| 193|0x000000070cd00000, 0x000000070cd00000, 0x000000070ce00000|  0%| F|  |TAMS 0x000000070cd00000, 0x000000070cd00000| Untracked 
| 194|0x000000070ce00000, 0x000000070ce00000, 0x000000070cf00000|  0%| F|  |TAMS 0x000000070ce00000, 0x000000070ce00000| Untracked 
| 195|0x000000070cf00000, 0x000000070cf00000, 0x000000070d000000|  0%| F|  |TAMS 0x000000070cf00000, 0x000000070cf00000| Untracked 
| 196|0x000000070d000000, 0x000000070d000000, 0x000000070d100000|  0%| F|  |TAMS 0x000000070d000000, 0x000000070d000000| Untracked 
| 197|0x000000070d100000, 0x000000070d100000, 0x000000070d200000|  0%| F|  |TAMS 0x000000070d100000, 0x000000070d100000| Untracked 
| 198|0x000000070d200000, 0x000000070d200000, 0x000000070d300000|  0%| F|  |TAMS 0x000000070d200000, 0x000000070d200000| Untracked 
| 199|0x000000070d300000, 0x000000070d300000, 0x000000070d400000|  0%| F|  |TAMS 0x000000070d300000, 0x000000070d300000| Untracked 
| 200|0x000000070d400000, 0x000000070d400000, 0x000000070d500000|  0%| F|  |TAMS 0x000000070d400000, 0x000000070d400000| Untracked 
| 201|0x000000070d500000, 0x000000070d500000, 0x000000070d600000|  0%| F|  |TAMS 0x000000070d500000, 0x000000070d500000| Untracked 
| 202|0x000000070d600000, 0x000000070d600000, 0x000000070d700000|  0%| F|  |TAMS 0x000000070d600000, 0x000000070d600000| Untracked 
| 203|0x000000070d700000, 0x000000070d700000, 0x000000070d800000|  0%| F|  |TAMS 0x000000070d700000, 0x000000070d700000| Untracked 
| 204|0x000000070d800000, 0x000000070d800000, 0x000000070d900000|  0%| F|  |TAMS 0x000000070d800000, 0x000000070d800000| Untracked 
| 205|0x000000070d900000, 0x000000070d900000, 0x000000070da00000|  0%| F|  |TAMS 0x000000070d900000, 0x000000070d900000| Untracked 
| 206|0x000000070da00000, 0x000000070da00000, 0x000000070db00000|  0%| F|  |TAMS 0x000000070da00000, 0x000000070da00000| Untracked 
| 207|0x000000070db00000, 0x000000070db00000, 0x000000070dc00000|  0%| F|  |TAMS 0x000000070db00000, 0x000000070db00000| Untracked 
| 208|0x000000070dc00000, 0x000000070dc00000, 0x000000070dd00000|  0%| F|  |TAMS 0x000000070dc00000, 0x000000070dc00000| Untracked 
| 209|0x000000070dd00000, 0x000000070dd00000, 0x000000070de00000|  0%| F|  |TAMS 0x000000070dd00000, 0x000000070dd00000| Untracked 
| 210|0x000000070de00000, 0x000000070de00000, 0x000000070df00000|  0%| F|  |TAMS 0x000000070de00000, 0x000000070de00000| Untracked 
| 211|0x000000070df00000, 0x000000070df00000, 0x000000070e000000|  0%| F|  |TAMS 0x000000070df00000, 0x000000070df00000| Untracked 
| 212|0x000000070e000000, 0x000000070e100000, 0x000000070e100000|100%| E|  |TAMS 0x000000070e000000, 0x000000070e000000| Complete 
| 213|0x000000070e100000, 0x000000070e200000, 0x000000070e200000|100%| E|CS|TAMS 0x000000070e100000, 0x000000070e100000| Complete 
| 214|0x000000070e200000, 0x000000070e300000, 0x000000070e300000|100%| E|CS|TAMS 0x000000070e200000, 0x000000070e200000| Complete 
| 215|0x000000070e300000, 0x000000070e400000, 0x000000070e400000|100%| E|CS|TAMS 0x000000070e300000, 0x000000070e300000| Complete 
| 216|0x000000070e400000, 0x000000070e500000, 0x000000070e500000|100%| E|CS|TAMS 0x000000070e400000, 0x000000070e400000| Complete 
| 217|0x000000070e500000, 0x000000070e600000, 0x000000070e600000|100%| E|CS|TAMS 0x000000070e500000, 0x000000070e500000| Complete 
| 218|0x000000070e600000, 0x000000070e700000, 0x000000070e700000|100%| E|CS|TAMS 0x000000070e600000, 0x000000070e600000| Complete 
| 219|0x000000070e700000, 0x000000070e79c2e0, 0x000000070e800000| 61%| S|CS|TAMS 0x000000070e700000, 0x000000070e700000| Complete 
| 220|0x000000070e800000, 0x000000070e900000, 0x000000070e900000|100%| S|CS|TAMS 0x000000070e800000, 0x000000070e800000| Complete 
| 221|0x000000070e900000, 0x000000070ea00000, 0x000000070ea00000|100%| S|CS|TAMS 0x000000070e900000, 0x000000070e900000| Complete 
| 222|0x000000070ea00000, 0x000000070eb00000, 0x000000070eb00000|100%| S|CS|TAMS 0x000000070ea00000, 0x000000070ea00000| Complete 
| 223|0x000000070eb00000, 0x000000070ec00000, 0x000000070ec00000|100%| E|CS|TAMS 0x000000070eb00000, 0x000000070eb00000| Complete 
| 224|0x000000070ec00000, 0x000000070ed00000, 0x000000070ed00000|100%| E|CS|TAMS 0x000000070ec00000, 0x000000070ec00000| Complete 
| 225|0x000000070ed00000, 0x000000070ee00000, 0x000000070ee00000|100%| E|CS|TAMS 0x000000070ed00000, 0x000000070ed00000| Complete 
| 226|0x000000070ee00000, 0x000000070ef00000, 0x000000070ef00000|100%| E|CS|TAMS 0x000000070ee00000, 0x000000070ee00000| Complete 
| 227|0x000000070ef00000, 0x000000070f000000, 0x000000070f000000|100%| E|CS|TAMS 0x000000070ef00000, 0x000000070ef00000| Complete 
| 228|0x000000070f000000, 0x000000070f100000, 0x000000070f100000|100%| E|CS|TAMS 0x000000070f000000, 0x000000070f000000| Complete 
| 229|0x000000070f100000, 0x000000070f200000, 0x000000070f200000|100%| E|CS|TAMS 0x000000070f100000, 0x000000070f100000| Complete 
| 230|0x000000070f200000, 0x000000070f300000, 0x000000070f300000|100%| E|CS|TAMS 0x000000070f200000, 0x000000070f200000| Complete 
| 231|0x000000070f300000, 0x000000070f400000, 0x000000070f400000|100%| E|CS|TAMS 0x000000070f300000, 0x000000070f300000| Complete 
| 232|0x000000070f400000, 0x000000070f500000, 0x000000070f500000|100%| E|CS|TAMS 0x000000070f400000, 0x000000070f400000| Complete 
| 233|0x000000070f500000, 0x000000070f600000, 0x000000070f600000|100%| E|CS|TAMS 0x000000070f500000, 0x000000070f500000| Complete 
| 234|0x000000070f600000, 0x000000070f700000, 0x000000070f700000|100%| E|CS|TAMS 0x000000070f600000, 0x000000070f600000| Complete 
| 235|0x000000070f700000, 0x000000070f800000, 0x000000070f800000|100%| E|CS|TAMS 0x000000070f700000, 0x000000070f700000| Complete 
| 236|0x000000070f800000, 0x000000070f900000, 0x000000070f900000|100%| E|CS|TAMS 0x000000070f800000, 0x000000070f800000| Complete 
| 237|0x000000070f900000, 0x000000070fa00000, 0x000000070fa00000|100%| E|CS|TAMS 0x000000070f900000, 0x000000070f900000| Complete 
| 238|0x000000070fa00000, 0x000000070fb00000, 0x000000070fb00000|100%| E|CS|TAMS 0x000000070fa00000, 0x000000070fa00000| Complete 
| 239|0x000000070fb00000, 0x000000070fc00000, 0x000000070fc00000|100%| E|CS|TAMS 0x000000070fb00000, 0x000000070fb00000| Complete 
| 240|0x000000070fc00000, 0x000000070fd00000, 0x000000070fd00000|100%| E|CS|TAMS 0x000000070fc00000, 0x000000070fc00000| Complete 
| 241|0x000000070fd00000, 0x000000070fe00000, 0x000000070fe00000|100%| E|CS|TAMS 0x000000070fd00000, 0x000000070fd00000| Complete 
| 242|0x000000070fe00000, 0x000000070ff00000, 0x000000070ff00000|100%| E|CS|TAMS 0x000000070fe00000, 0x000000070fe00000| Complete 
| 243|0x000000070ff00000, 0x0000000710000000, 0x0000000710000000|100%| E|CS|TAMS 0x000000070ff00000, 0x000000070ff00000| Complete 
| 244|0x0000000710000000, 0x0000000710100000, 0x0000000710100000|100%| E|CS|TAMS 0x0000000710000000, 0x0000000710000000| Complete 
| 245|0x0000000710100000, 0x0000000710200000, 0x0000000710200000|100%| E|CS|TAMS 0x0000000710100000, 0x0000000710100000| Complete 
| 246|0x0000000710200000, 0x0000000710300000, 0x0000000710300000|100%| E|CS|TAMS 0x0000000710200000, 0x0000000710200000| Complete 
| 247|0x0000000710300000, 0x0000000710400000, 0x0000000710400000|100%| E|CS|TAMS 0x0000000710300000, 0x0000000710300000| Complete 
| 248|0x0000000710400000, 0x0000000710500000, 0x0000000710500000|100%| E|CS|TAMS 0x0000000710400000, 0x0000000710400000| Complete 
| 249|0x0000000710500000, 0x0000000710600000, 0x0000000710600000|100%| E|CS|TAMS 0x0000000710500000, 0x0000000710500000| Complete 
| 250|0x0000000710600000, 0x0000000710700000, 0x0000000710700000|100%| E|CS|TAMS 0x0000000710600000, 0x0000000710600000| Complete 
| 251|0x0000000710700000, 0x0000000710800000, 0x0000000710800000|100%| E|CS|TAMS 0x0000000710700000, 0x0000000710700000| Complete 
| 252|0x0000000710800000, 0x0000000710900000, 0x0000000710900000|100%| E|CS|TAMS 0x0000000710800000, 0x0000000710800000| Complete 
| 253|0x0000000710900000, 0x0000000710a00000, 0x0000000710a00000|100%| E|CS|TAMS 0x0000000710900000, 0x0000000710900000| Complete 
| 254|0x0000000710a00000, 0x0000000710b00000, 0x0000000710b00000|100%| E|CS|TAMS 0x0000000710a00000, 0x0000000710a00000| Complete 
| 255|0x0000000710b00000, 0x0000000710c00000, 0x0000000710c00000|100%| E|CS|TAMS 0x0000000710b00000, 0x0000000710b00000| Complete 

Card table byte_map: [0x00000247db670000,0x00000247dbe70000] _byte_map_base: 0x00000247d7e6a000

Marking Bits (Prev, Next): (CMBitMap*) 0x00000247c197fba0, (CMBitMap*) 0x00000247c197fb68
 Prev Bits: [0x00000247e0640000, 0x00000247e4610000)
 Next Bits: [0x00000247dc670000, 0x00000247e0640000)

Polling page: 0x00000247c19f0000

Metaspace:

Usage:
  Non-class:     23.00 MB capacity,    22.86 MB (>99%) used,   104.75 KB ( <1%) free+waste,    31.69 KB ( <1%) overhead. 
      Class:      3.00 MB capacity,     2.89 MB ( 97%) used,    93.82 KB (  3%) free+waste,    12.38 KB ( <1%) overhead. 
       Both:     26.00 MB capacity,    25.76 MB (>99%) used,   198.57 KB ( <1%) free+waste,    44.06 KB ( <1%) overhead. 

Virtual space:
  Non-class space:       24.00 MB reserved,      23.00 MB ( 96%) committed 
      Class space:        1.00 GB reserved,       3.00 MB ( <1%) committed 
             Both:        1.02 GB reserved,      26.00 MB (  2%) committed 

Chunk freelists:
   Non-Class:  2.00 KB
       Class:  2.00 KB
        Both:  4.00 KB

MaxMetaspaceSize: 17179869184.00 GB
CompressedClassSpaceSize: 1.00 GB
Initial GC threshold: 20.80 MB
Current GC threshold: 35.00 MB
CDS: off

CodeHeap 'non-profiled nmethods': size=120064Kb used=1624Kb max_used=1624Kb free=118439Kb
 bounds [0x00000247d3310000, 0x00000247d3580000, 0x00000247da850000]
CodeHeap 'profiled nmethods': size=120000Kb used=7199Kb max_used=7199Kb free=112800Kb
 bounds [0x00000247cbde0000, 0x00000247cc4f0000, 0x00000247d3310000]
CodeHeap 'non-nmethods': size=5696Kb used=1226Kb max_used=1279Kb free=4469Kb
 bounds [0x00000247cb850000, 0x00000247cbac0000, 0x00000247cbde0000]
 total_blobs=4034 nmethods=3535 adapters=411
 compilation: enabled
              stopped_count=0, restarted_count=0
 full_count=0

Compilation events (20 events):
Event: 2.165 Thread 0x00000247e75d5000 3538       3       java.nio.file.Files$AcceptAllFilter::accept (9 bytes)
Event: 2.165 Thread 0x00000247e75d5000 nmethod 3538 0x00000247cc4e3e90 code [0x00000247cc4e4040, 0x00000247cc4e42b8]
Event: 2.165 Thread 0x00000247e75d5000 3539       3       sun.nio.fs.WindowsDirectoryStream$WindowsDirectoryIterator::next (5 bytes)
Event: 2.165 Thread 0x00000247e75d5000 nmethod 3539 0x00000247cc4e4390 code [0x00000247cc4e4540, 0x00000247cc4e4668]
Event: 2.165 Thread 0x00000247e75d5000 3532       1       java.util.concurrent.atomic.AtomicLong::get (5 bytes)
Event: 2.165 Thread 0x00000247e75d5000 nmethod 3532 0x00000247d3491010 code [0x00000247d34911c0, 0x00000247d3491278]
Event: 2.165 Thread 0x00000247e75d5000 3540  s    3       sun.nio.fs.WindowsDirectoryStream$WindowsDirectoryIterator::next (48 bytes)
Event: 2.165 Thread 0x00000247e75d5000 nmethod 3540 0x00000247cc4e4710 code [0x00000247cc4e4900, 0x00000247cc4e4d98]
Event: 2.167 Thread 0x00000247e75d5000 3542       3       java.io.FileInputStream::read (9 bytes)
Event: 2.167 Thread 0x00000247e75d5000 nmethod 3542 0x00000247cc4e4e90 code [0x00000247cc4e5040, 0x00000247cc4e5188]
Event: 2.172 Thread 0x00000247e75d5000 3543       3       java.io.WinNTFileSystem::normalize (143 bytes)
Event: 2.173 Thread 0x00000247e75d5000 nmethod 3543 0x00000247cc4e5290 code [0x00000247cc4e5520, 0x00000247cc4e6078]
Event: 2.175 Thread 0x00000247e75d5000 3544   !   3       java.nio.DirectByteBuffer::put (32 bytes)
Event: 2.175 Thread 0x00000247e75d5000 nmethod 3544 0x00000247cc4e6510 code [0x00000247cc4e66e0, 0x00000247cc4e69d8]
Event: 2.175 Thread 0x00000247e75d5000 3545       3       jdk.internal.misc.Unsafe::putByte (8 bytes)
Event: 2.175 Thread 0x00000247e75d5000 nmethod 3545 0x00000247cc4e6c10 code [0x00000247cc4e6dc0, 0x00000247cc4e6ed8]
Event: 2.181 Thread 0x00000247e75d5000 3550       3       java.lang.invoke.MemberName::isMethod (7 bytes)
Event: 2.181 Thread 0x00000247e75d5000 nmethod 3550 0x00000247cc4e6f90 code [0x00000247cc4e7140, 0x00000247cc4e7378]
Event: 2.181 Thread 0x00000247e75d5000 3551       3       jdk.internal.org.objectweb.asm.MethodWriter::visitInsn (114 bytes)
Event: 2.182 Thread 0x00000247e75d5000 nmethod 3551 0x00000247cc4e7490 code [0x00000247cc4e7680, 0x00000247cc4e7aa8]

GC Heap History (8 events):
Event: 0.265 GC heap before
{Heap before GC invocations=0 (full 0):
 garbage-first heap   total 262144K, used 14336K [0x0000000700c00000, 0x0000000800000000)
  region size 1024K, 14 young (14336K), 0 survivors (0K)
 Metaspace       used 8136K, capacity 8257K, committed 8448K, reserved 1056768K
  class space    used 686K, capacity 722K, committed 768K, reserved 1048576K
}
Event: 0.269 GC heap after
{Heap after GC invocations=1 (full 0):
 garbage-first heap   total 262144K, used 4898K [0x0000000700c00000, 0x0000000800000000)
  region size 1024K, 2 young (2048K), 2 survivors (2048K)
 Metaspace       used 8136K, capacity 8257K, committed 8448K, reserved 1056768K
  class space    used 686K, capacity 722K, committed 768K, reserved 1048576K
}
Event: 0.693 GC heap before
{Heap before GC invocations=1 (full 0):
 garbage-first heap   total 262144K, used 49954K [0x0000000700c00000, 0x0000000800000000)
  region size 1024K, 41 young (41984K), 2 survivors (2048K)
 Metaspace       used 13264K, capacity 13377K, committed 13440K, reserved 1060864K
  class space    used 1330K, capacity 1387K, committed 1408K, reserved 1048576K
}
Event: 0.699 GC heap after
{Heap after GC invocations=2 (full 0):
 garbage-first heap   total 262144K, used 16816K [0x0000000700c00000, 0x0000000800000000)
  region size 1024K, 6 young (6144K), 6 survivors (6144K)
 Metaspace       used 13264K, capacity 13377K, committed 13440K, reserved 1060864K
  class space    used 1330K, capacity 1387K, committed 1408K, reserved 1048576K
}
Event: 0.955 GC heap before
{Heap before GC invocations=2 (full 0):
 garbage-first heap   total 262144K, used 36272K [0x0000000700c00000, 0x0000000800000000)
  region size 1024K, 25 young (25600K), 6 survivors (6144K)
 Metaspace       used 16920K, capacity 17089K, committed 17280K, reserved 1064960K
  class space    used 1813K, capacity 1877K, committed 1920K, reserved 1048576K
}
Event: 0.960 GC heap after
{Heap after GC invocations=3 (full 0):
 garbage-first heap   total 262144K, used 18511K [0x0000000700c00000, 0x0000000800000000)
  region size 1024K, 4 young (4096K), 4 survivors (4096K)
 Metaspace       used 16920K, capacity 17089K, committed 17280K, reserved 1064960K
  class space    used 1813K, capacity 1877K, committed 1920K, reserved 1048576K
}
Event: 1.308 GC heap before
{Heap before GC invocations=3 (full 0):
 garbage-first heap   total 262144K, used 46159K [0x0000000700c00000, 0x0000000800000000)
  region size 1024K, 33 young (33792K), 4 survivors (4096K)
 Metaspace       used 20922K, capacity 21095K, committed 21248K, reserved 1069056K
  class space    used 2363K, capacity 2434K, committed 2560K, reserved 1048576K
}
Event: 1.315 GC heap after
{Heap after GC invocations=4 (full 0):
 garbage-first heap   total 262144K, used 22128K [0x0000000700c00000, 0x0000000800000000)
  region size 1024K, 4 young (4096K), 4 survivors (4096K)
 Metaspace       used 20922K, capacity 21095K, committed 21248K, reserved 1069056K
  class space    used 2363K, capacity 2434K, committed 2560K, reserved 1048576K
}

Deoptimization events (20 events):
Event: 1.837 Thread 0x00000247c191b000 Uncommon trap: trap_request=0xffffffc6 fr.pc=0x00000247d3463c34 relative=0x00000000000004b4
Event: 1.837 Thread 0x00000247c191b000 Uncommon trap: reason=bimorphic_or_optimized_type_check action=maybe_recompile pc=0x00000247d3463c34 method=com.google.common.collect.AbstractIterator.tryToComputeNext()Z @ 9 c2
Event: 1.837 Thread 0x00000247c191b000 DEOPT PACKING pc=0x00000247d3463c34 sp=0x00000078273fbd90
Event: 1.837 Thread 0x00000247c191b000 DEOPT UNPACKING pc=0x00000247cb89a1af sp=0x00000078273fbd08 mode 2
Event: 1.837 Thread 0x00000247c191b000 Uncommon trap: trap_request=0xffffffc6 fr.pc=0x00000247d3463c34 relative=0x00000000000004b4
Event: 1.837 Thread 0x00000247c191b000 Uncommon trap: reason=bimorphic_or_optimized_type_check action=maybe_recompile pc=0x00000247d3463c34 method=com.google.common.collect.AbstractIterator.tryToComputeNext()Z @ 9 c2
Event: 1.837 Thread 0x00000247c191b000 DEOPT PACKING pc=0x00000247d3463c34 sp=0x00000078273fbd90
Event: 1.837 Thread 0x00000247c191b000 DEOPT UNPACKING pc=0x00000247cb89a1af sp=0x00000078273fbd08 mode 2
Event: 1.837 Thread 0x00000247c191b000 Uncommon trap: trap_request=0xffffffc6 fr.pc=0x00000247d3463c34 relative=0x00000000000004b4
Event: 1.837 Thread 0x00000247c191b000 Uncommon trap: reason=bimorphic_or_optimized_type_check action=maybe_recompile pc=0x00000247d3463c34 method=com.google.common.collect.AbstractIterator.tryToComputeNext()Z @ 9 c2
Event: 1.837 Thread 0x00000247c191b000 DEOPT PACKING pc=0x00000247d3463c34 sp=0x00000078273fbd90
Event: 1.837 Thread 0x00000247c191b000 DEOPT UNPACKING pc=0x00000247cb89a1af sp=0x00000078273fbd08 mode 2
Event: 1.935 Thread 0x00000247c191b000 Uncommon trap: trap_request=0xffffffd6 fr.pc=0x00000247d3461c94 relative=0x00000000000001d4
Event: 1.935 Thread 0x00000247c191b000 Uncommon trap: reason=array_check action=maybe_recompile pc=0x00000247d3461c94 method=org.eclipse.emf.common.util.BasicEList.assign(ILjava/lang/Object;)Ljava/lang/Object; @ 6 c2
Event: 1.935 Thread 0x00000247c191b000 DEOPT PACKING pc=0x00000247d3461c94 sp=0x00000078273fc650
Event: 1.935 Thread 0x00000247c191b000 DEOPT UNPACKING pc=0x00000247cb89a1af sp=0x00000078273fc5a0 mode 2
Event: 2.155 Thread 0x00000247c191b000 Uncommon trap: trap_request=0xffffff4d fr.pc=0x00000247d33ae900 relative=0x0000000000001560
Event: 2.155 Thread 0x00000247c191b000 Uncommon trap: reason=unstable_if action=reinterpret pc=0x00000247d33ae900 method=java.io.WinNTFileSystem.normalize(Ljava/lang/String;)Ljava/lang/String; @ 128 c2
Event: 2.155 Thread 0x00000247c191b000 DEOPT PACKING pc=0x00000247d33ae900 sp=0x00000078273f9db0
Event: 2.155 Thread 0x00000247c191b000 DEOPT UNPACKING pc=0x00000247cb89a1af sp=0x00000078273f9d88 mode 2

Classes redefined (0 events):
No events

Internal exceptions (20 events):
Event: 1.635 Thread 0x00000247c191b000 Implicit null exception at 0x00000247d342eef5 to 0x00000247d34303cc
Event: 1.650 Thread 0x00000247c191b000 Implicit null exception at 0x00000247d344030a to 0x00000247d3442450
Event: 1.668 Thread 0x00000247c191b000 Exception <a 'java/io/FileNotFoundException'{0x000000070fbc3b98}> (0x000000070fbc3b98) thrown at [./src/hotspot/share/prims/jni.cpp, line 617]
Event: 1.670 Thread 0x00000247c191b000 Exception <a 'java/io/FileNotFoundException'{0x000000070fbd4df8}> (0x000000070fbd4df8) thrown at [./src/hotspot/share/prims/jni.cpp, line 617]
Event: 1.675 Thread 0x00000247c191b000 Exception <a 'java/io/FileNotFoundException'{0x000000070fa3a0f0}> (0x000000070fa3a0f0) thrown at [./src/hotspot/share/prims/jni.cpp, line 617]
Event: 1.675 Thread 0x00000247c191b000 Exception <a 'java/io/FileNotFoundException'{0x000000070fa44108}> (0x000000070fa44108) thrown at [./src/hotspot/share/prims/jni.cpp, line 617]
Event: 1.678 Thread 0x00000247c191b000 Exception <a 'java/io/FileNotFoundException'{0x000000070fa63100}> (0x000000070fa63100) thrown at [./src/hotspot/share/prims/jni.cpp, line 617]
Event: 1.844 Thread 0x00000247c191b000 Exception <a 'java/lang/reflect/InvocationTargetException'{0x000000070f0a6200}> (0x000000070f0a6200) thrown at [./src/hotspot/share/runtime/reflection.cpp, line 1247]
Event: 1.844 Thread 0x00000247c191b000 Exception <a 'java/lang/reflect/InvocationTargetException'{0x000000070f0ae348}> (0x000000070f0ae348) thrown at [./src/hotspot/share/runtime/reflection.cpp, line 1247]
Event: 1.844 Thread 0x00000247c191b000 Exception <a 'java/lang/reflect/InvocationTargetException'{0x000000070f0b6460}> (0x000000070f0b6460) thrown at [./src/hotspot/share/runtime/reflection.cpp, line 1247]
Event: 1.844 Thread 0x00000247c191b000 Exception <a 'java/lang/reflect/InvocationTargetException'{0x000000070f0be580}> (0x000000070f0be580) thrown at [./src/hotspot/share/runtime/reflection.cpp, line 1247]
Event: 1.845 Thread 0x00000247c191b000 Exception <a 'java/lang/reflect/InvocationTargetException'{0x000000070f0c8ca0}> (0x000000070f0c8ca0) thrown at [./src/hotspot/share/runtime/reflection.cpp, line 1247]
Event: 1.967 Thread 0x00000247c191b000 Exception <a 'java/lang/NoSuchMethodError'{0x000000070e2e4528}: 'java.lang.Object java.lang.invoke.DirectMethodHandle$Holder.invokeStaticInit(java.lang.Object, int, int, int, int)'> (0x000000070e2e4528) thrown at [./src/hotspot/share/interpreter/linkResolver.cpp, line 773]
Event: 2.161 Thread 0x00000247c191b000 Exception <a 'java/lang/NoSuchMethodError'{0x000000070e1a49c8}: 'java.lang.Object java.lang.invoke.DirectMethodHandle$Holder.invokeStaticInit(java.lang.Object, java.lang.Object, int, int, int, int)'> (0x000000070e1a49c8) thrown at [./src/hotspot/share/interpreter/linkResolver.cpp, line 773]
Event: 2.180 Thread 0x00000247c191b000 Exception <a 'java/security/PrivilegedActionException'{0x000000070e053e58}> (0x000000070e053e58) thrown at [./src/hotspot/share/prims/jvm.cpp, line 1306]
Event: 2.180 Thread 0x00000247c191b000 Exception <a 'java/security/PrivilegedActionException'{0x000000070e0555a0}> (0x000000070e0555a0) thrown at [./src/hotspot/share/prims/jvm.cpp, line 1306]
Event: 2.180 Thread 0x00000247c191b000 Exception <a 'java/security/PrivilegedActionException'{0x000000070e056c08}> (0x000000070e056c08) thrown at [./src/hotspot/share/prims/jvm.cpp, line 1306]
Event: 2.182 Thread 0x00000247c191b000 Exception <a 'java/security/PrivilegedActionException'{0x000000070e063718}> (0x000000070e063718) thrown at [./src/hotspot/share/prims/jvm.cpp, line 1306]
Event: 2.182 Thread 0x00000247c191b000 Exception <a 'java/security/PrivilegedActionException'{0x000000070e064d78}> (0x000000070e064d78) thrown at [./src/hotspot/share/prims/jvm.cpp, line 1306]
Event: 2.182 Thread 0x00000247c191b000 Exception <a 'java/security/PrivilegedActionException'{0x000000070e066398}> (0x000000070e066398) thrown at [./src/hotspot/share/prims/jvm.cpp, line 1306]

Events (20 events):
Event: 2.188 loading class org/lwjgl/MemoryUtil$Accessor
Event: 2.188 loading class org/lwjgl/MemoryUtil$Accessor done
Event: 2.188 loading class java/nio/charset/CharacterCodingException
Event: 2.188 loading class java/nio/charset/CharacterCodingException done
Event: 2.188 loading class org/lwjgl/MemoryUtilSun$AccessorUnsafe
Event: 2.188 loading class org/lwjgl/MemoryUtilSun$AccessorUnsafe done
Event: 2.189 loading class sun/misc/Unsafe
Event: 2.189 loading class sun/misc/Unsafe done
Event: 2.190 loading class org/lwjgl/MemoryUtilSun
Event: 2.190 loading class org/lwjgl/MemoryUtilSun done
Event: 2.190 loading class org/lwjgl/MemoryUtilSun$AccessorReflectFast
Event: 2.190 loading class org/lwjgl/MemoryUtilSun$AccessorReflectFast done
Event: 2.204 loading class org/lwjgl/openal/ALCdevice
Event: 2.204 loading class org/lwjgl/openal/ALCdevice done
Event: 2.204 loading class org/lwjgl/openal/ALCcontext
Event: 2.204 loading class org/lwjgl/openal/ALCcontext done
Event: 2.205 loading class org/lwjgl/openal/Util
Event: 2.205 loading class org/lwjgl/openal/Util done
Event: 2.205 loading class org/lwjgl/openal/OpenALException
Event: 2.205 loading class org/lwjgl/openal/OpenALException done


Dynamic libraries:
0x00007ff6872f0000 - 0x00007ff6872fd000 	C:\Program Files\Eclipse Adoptium\jdk-11.0.16.101-hotspot\bin\javaw.exe
0x00007ffd14430000 - 0x00007ffd14628000 	C:\WINDOWS\SYSTEM32\ntdll.dll
0x00007ffd12540000 - 0x00007ffd125fd000 	C:\WINDOWS\System32\KERNEL32.DLL
0x00007ffd11da0000 - 0x00007ffd1206e000 	C:\WINDOWS\System32\KERNELBASE.dll
0x00007ffd12260000 - 0x00007ffd12360000 	C:\WINDOWS\System32\ucrtbase.dll
0x00007ffd03de0000 - 0x00007ffd03df7000 	C:\Program Files\Eclipse Adoptium\jdk-11.0.16.101-hotspot\bin\jli.dll
0x00007ffd13f60000 - 0x00007ffd14100000 	C:\WINDOWS\System32\USER32.dll
0x00007ffd12230000 - 0x00007ffd12252000 	C:\WINDOWS\System32\win32u.dll
0x00007ffd13790000 - 0x00007ffd137ba000 	C:\WINDOWS\System32\GDI32.dll
0x00007ffd12120000 - 0x00007ffd1222b000 	C:\WINDOWS\System32\gdi32full.dll
0x00007ffd12360000 - 0x00007ffd123fd000 	C:\WINDOWS\System32\msvcp_win.dll
0x00007ffd03ae0000 - 0x00007ffd03af5000 	C:\Program Files\Eclipse Adoptium\jdk-11.0.16.101-hotspot\bin\VCRUNTIME140.dll
0x00007ffcfb3e0000 - 0x00007ffcfb67a000 	C:\WINDOWS\WinSxS\amd64_microsoft.windows.common-controls_6595b64144ccf1df_6.0.19041.1110_none_60b5254171f9507e\COMCTL32.dll
0x00007ffd141b0000 - 0x00007ffd1424e000 	C:\WINDOWS\System32\msvcrt.dll
0x00007ffd13090000 - 0x00007ffd130c0000 	C:\WINDOWS\System32\IMM32.DLL
0x00007ffcf6960000 - 0x00007ffcf69fb000 	C:\Program Files\Eclipse Adoptium\jdk-11.0.16.101-hotspot\bin\msvcp140.dll
0x00007ffcd9850000 - 0x00007ffcda3d2000 	C:\Program Files\Eclipse Adoptium\jdk-11.0.16.101-hotspot\bin\server\jvm.dll
0x00007ffd13eb0000 - 0x00007ffd13f5e000 	C:\WINDOWS\System32\ADVAPI32.dll
0x00007ffd128a0000 - 0x00007ffd1293c000 	C:\WINDOWS\System32\sechost.dll
0x00007ffd13430000 - 0x00007ffd13555000 	C:\WINDOWS\System32\RPCRT4.dll
0x00007ffd126e0000 - 0x00007ffd126e8000 	C:\WINDOWS\System32\PSAPI.DLL
0x00007ffd0d6b0000 - 0x00007ffd0d6b9000 	C:\WINDOWS\SYSTEM32\WSOCK32.dll
0x00007ffd13710000 - 0x00007ffd1377b000 	C:\WINDOWS\System32\WS2_32.dll
0x00007ffd08cc0000 - 0x00007ffd08ce7000 	C:\WINDOWS\SYSTEM32\WINMM.dll
0x00007ffd0a8e0000 - 0x00007ffd0a8ea000 	C:\WINDOWS\SYSTEM32\VERSION.dll
0x00007ffd0fa60000 - 0x00007ffd0fa72000 	C:\WINDOWS\SYSTEM32\kernel.appcore.dll
0x00007ffd0d1b0000 - 0x00007ffd0d1c0000 	C:\Program Files\Eclipse Adoptium\jdk-11.0.16.101-hotspot\bin\verify.dll
0x00007ffcfe1c0000 - 0x00007ffcfe3a4000 	C:\WINDOWS\SYSTEM32\DBGHELP.DLL
0x00007ffd013f0000 - 0x00007ffd0141c000 	C:\WINDOWS\SYSTEM32\dbgcore.DLL
0x00007ffd12400000 - 0x00007ffd12482000 	C:\WINDOWS\System32\bcryptPrimitives.dll
0x00007ffd0afc0000 - 0x00007ffd0afe8000 	C:\Program Files\Eclipse Adoptium\jdk-11.0.16.101-hotspot\bin\java.dll
0x00007ffd0d1a0000 - 0x00007ffd0d1aa000 	C:\Program Files\Eclipse Adoptium\jdk-11.0.16.101-hotspot\bin\jimage.dll
0x00007ffd048c0000 - 0x00007ffd048d8000 	C:\Program Files\Eclipse Adoptium\jdk-11.0.16.101-hotspot\bin\zip.dll
0x00007ffd12940000 - 0x00007ffd13083000 	C:\WINDOWS\System32\SHELL32.dll
0x00007ffd0fc60000 - 0x00007ffd103f5000 	C:\WINDOWS\SYSTEM32\windows.storage.dll
0x00007ffd130d0000 - 0x00007ffd13424000 	C:\WINDOWS\System32\combase.dll
0x00007ffd115b0000 - 0x00007ffd115e0000 	C:\WINDOWS\SYSTEM32\Wldp.dll
0x00007ffd14100000 - 0x00007ffd141ad000 	C:\WINDOWS\System32\SHCORE.dll
0x00007ffd135c0000 - 0x00007ffd13615000 	C:\WINDOWS\System32\shlwapi.dll
0x00007ffd11a90000 - 0x00007ffd11aaf000 	C:\WINDOWS\SYSTEM32\profapi.dll
0x00007ffd03e50000 - 0x00007ffd03e69000 	C:\Program Files\Eclipse Adoptium\jdk-11.0.16.101-hotspot\bin\net.dll
0x00007ffd0b6e0000 - 0x00007ffd0b7ea000 	C:\WINDOWS\SYSTEM32\WINHTTP.dll
0x00007ffd11310000 - 0x00007ffd1137a000 	C:\WINDOWS\system32\mswsock.dll
0x00007ffd03e30000 - 0x00007ffd03e43000 	C:\Program Files\Eclipse Adoptium\jdk-11.0.16.101-hotspot\bin\nio.dll
0x0000000065580000 - 0x0000000065616000 	C:\Users\Gonzalo\AppData\Local\Temp\libgdxGonzalo\12dfaa03\gdx64.dll
0x00007ffd11500000 - 0x00007ffd11518000 	C:\WINDOWS\SYSTEM32\CRYPTSP.dll
0x00007ffd10c20000 - 0x00007ffd10c54000 	C:\WINDOWS\system32\rsaenh.dll
0x00007ffd11d70000 - 0x00007ffd11d97000 	C:\WINDOWS\System32\bcrypt.dll
0x00007ffd11a50000 - 0x00007ffd11a7e000 	C:\WINDOWS\SYSTEM32\USERENV.dll
0x00007ffd11520000 - 0x00007ffd1152c000 	C:\WINDOWS\SYSTEM32\CRYPTBASE.dll
0x00007ffd10fb0000 - 0x00007ffd10feb000 	C:\WINDOWS\SYSTEM32\IPHLPAPI.DLL
0x00007ffd130c0000 - 0x00007ffd130c8000 	C:\WINDOWS\System32\NSI.dll
0x00007ffd0a9c0000 - 0x00007ffd0a9d7000 	C:\WINDOWS\SYSTEM32\dhcpcsvc6.DLL
0x00007ffd0a9a0000 - 0x00007ffd0a9bd000 	C:\WINDOWS\SYSTEM32\dhcpcsvc.DLL
0x00007ffd10ff0000 - 0x00007ffd110ba000 	C:\WINDOWS\SYSTEM32\DNSAPI.dll
0x0000000180000000 - 0x0000000180053000 	C:\Users\Gonzalo\AppData\Local\Temp\libgdxGonzalo\dc0f0009\lwjgl64.dll
0x00007ffcf2bb0000 - 0x00007ffcf2cd7000 	C:\WINDOWS\SYSTEM32\OPENGL32.dll
0x00007ffd014a0000 - 0x00007ffd014cc000 	C:\WINDOWS\SYSTEM32\GLU32.dll
0x00000247ea170000 - 0x00000247ea1d4000 	C:\Users\Gonzalo\AppData\Local\Temp\libgdxGonzalo\dc0f0009\OpenAL64.dll
0x00007ffd137c0000 - 0x00007ffd138ea000 	C:\WINDOWS\System32\ole32.dll
0x00007ffd0f580000 - 0x00007ffd0f61e000 	C:\WINDOWS\system32\uxtheme.dll
0x00007ffd12490000 - 0x00007ffd12539000 	C:\WINDOWS\System32\clbcatq.dll
0x00007ffcf2040000 - 0x00007ffcf20dc000 	C:\WINDOWS\SYSTEM32\dsound.dll
0x00007ffd11120000 - 0x00007ffd1116b000 	C:\WINDOWS\SYSTEM32\powrprof.dll
0x00007ffcfc020000 - 0x00007ffcfc046000 	C:\WINDOWS\SYSTEM32\winmmbase.dll
0x00007ffd10f90000 - 0x00007ffd10fa2000 	C:\WINDOWS\SYSTEM32\UMPDC.dll
0x00007ffd08960000 - 0x00007ffd089e5000 	C:\WINDOWS\System32\MMDevApi.dll
0x00007ffd11900000 - 0x00007ffd1192c000 	C:\WINDOWS\System32\DEVOBJ.dll
0x00007ffd11bc0000 - 0x00007ffd11c0e000 	C:\WINDOWS\System32\cfgmgr32.dll
0x00007ffcf8500000 - 0x00007ffcf8682000 	C:\WINDOWS\SYSTEM32\AUDIOSES.DLL
0x00007ffd13d60000 - 0x00007ffd13e2d000 	C:\WINDOWS\System32\OLEAUT32.dll

dbghelp: loaded successfully - version: 4.0.5 - missing functions: none
symbol engine: initialized successfully - sym options: 0x614 - pdb path: .;C:\Program Files\Eclipse Adoptium\jdk-11.0.16.101-hotspot\bin;C:\WINDOWS\SYSTEM32;C:\WINDOWS\WinSxS\amd64_microsoft.windows.common-controls_6595b64144ccf1df_6.0.19041.1110_none_60b5254171f9507e;C:\Program Files\Eclipse Adoptium\jdk-11.0.16.101-hotspot\bin\server;C:\Users\Gonzalo\AppData\Local\Temp\libgdxGonzalo\12dfaa03;C:\Users\Gonzalo\AppData\Local\Temp\libgdxGonzalo\dc0f0009

VM Arguments:
jvm_args: -Duser.language=es_MX -Dfile.encoding=UTF-8 
java_command: org.uqbar.project.wollok.launch.WollokLauncher -requestsPort 0 -eventsPort 0 -folder -dontValidate -wf src/juego.wpgm
java_class_path (initial): C:\Users\Gonzalo\git\2022-tpgame-termo-y-mate\bin;C:\Users\Gonzalo\Desktop\Wollok\plugins\com.ibm.icu_64.2.0.v20190507-1337.jar;C:\Users\Gonzalo\Desktop\Wollok\plugins\org.eclipse.xtext_2.20.0.v20191202-0915.jar;C:\Users\Gonzalo\Desktop\Wollok\plugins\org.eclipse.emf.ecore.xmi_2.16.0.v20190528-0725.jar;C:\Users\Gonzalo\Desktop\Wollok\plugins\org.eclipse.emf.ecore_2.20.0.v20190920-0401.jar;C:\Users\Gonzalo\Desktop\Wollok\plugins\org.eclipse.emf.common_2.17.0.v20190920-0401.jar;C:\Users\Gonzalo\Desktop\Wollok\plugins\org.antlr.runtime_3.2.0.v201101311130.jar;C:\Users\Gonzalo\Desktop\Wollok\plugins\com.google.inject_3.0.0.v201605172100.jar;C:\Users\Gonzalo\Desktop\Wollok\plugins\org.eclipse.emf.mwe.core_1.5.1.v20191121-1148.jar;C:\Users\Gonzalo\Desktop\Wollok\plugins\org.apache.commons.cli_1.2.0.v201404270220.jar;C:\Users\Gonzalo\Desktop\Wollok\plugins\org.eclipse.emf.mwe2.runtime_2.11.1.v20191121-1148.jar;C:\Users\Gonzalo\Desktop\Wollok\plugins\org.eclipse.emf.mwe.utils_1.5.1.v20191121-1148.jar;C:\Users\Gonzalo\Desktop\Wollok\plugins\org.eclipse.xtext.util_2.20.0.v20191202-0915.jar;C:\Users\Gonzalo\Desktop\Wollok\plugins\com.google.guava_27.1.0.v20190517-1946.jar;C:\Users\Gonzalo\Desktop\Wollok\plugins\javax.inject_1.0.0.v20091030.jar;C:\Users\Gonzalo\Desktop\Wollok\plugins\org.eclipse.xtext.generator_2.20.0.v20191202-0933.jar;C:\Users\Gonzalo\Desktop\Wollok\plugins\org.eclipse.xtext.xtext.generator_2.20.0.v20191202-0915.jar;C:\Users\Gonzalo\Desktop\Wollok\plugins\org.eclipse.xtext.xbase.lib_2.20.0.v20191202-0907.jar;C:\Users\Gonzalo\Desktop\Wollok\plugins\org.eclipse.emf.codegen.ecore_2.20.0.v20191012-0918.jar;C:\Users\Gonzalo\Desktop\Wollok\plugins\org.eclipse.emf.codegen_2.19.0.v20190821-1536.jar;C:\Users\Gonzalo\Desktop\Wollok\plugins\org.eclipse.xtend_2.2.0.v201605260315.jar;C:\Users\Gonzalo\Desktop\Wollok\plugins\org.eclipse.xpand_2.2.0.v201605260315.jar;C:\Users\Gonzalo\Desktop\Wollok\plugins\org.eclipse.xtend.typesystem.emf_2.2.0.v
Launcher Type: SUN_STANDARD

[Global flags]
     intx CICompilerCount                          = 3                                         {product} {ergonomic}
     uint ConcGCThreads                            = 1                                         {product} {ergonomic}
     uint G1ConcRefinementThreads                  = 4                                         {product} {ergonomic}
   size_t G1HeapRegionSize                         = 1048576                                   {product} {ergonomic}
    uintx GCDrainStackTargetSize                   = 64                                        {product} {ergonomic}
   size_t InitialHeapSize                          = 268435456                                 {product} {ergonomic}
   size_t MarkStackSize                            = 4194304                                   {product} {ergonomic}
   size_t MaxHeapSize                              = 4282384384                                {product} {ergonomic}
   size_t MaxNewSize                               = 2569011200                                {product} {ergonomic}
   size_t MinHeapDeltaBytes                        = 1048576                                   {product} {ergonomic}
    uintx NonNMethodCodeHeapSize                   = 5830732                                {pd product} {ergonomic}
    uintx NonProfiledCodeHeapSize                  = 122913754                              {pd product} {ergonomic}
    uintx ProfiledCodeHeapSize                     = 122913754                              {pd product} {ergonomic}
    uintx ReservedCodeCacheSize                    = 251658240                              {pd product} {ergonomic}
     bool SegmentedCodeCache                       = true                                      {product} {ergonomic}
     bool UseCompressedClassPointers               = true                                 {lp64_product} {ergonomic}
     bool UseCompressedOops                        = true                                 {lp64_product} {ergonomic}
     bool UseG1GC                                  = true                                      {product} {ergonomic}
     bool UseLargePagesIndividualAllocation        = false                                  {pd product} {ergonomic}

Logging:
Log output configuration:
 #0: stdout all=warning uptime,level,tags
 #1: stderr all=off uptime,level,tags

Environment Variables:
JAVA_HOME=C:\Program Files\Java\jdk-17.0.1
PATH=C:/Program Files/Eclipse Adoptium/jdk-11.0.16.101-hotspot/bin/client;C:/Program Files/Eclipse Adoptium/jdk-11.0.16.101-hotspot/bin;C:\Program Files\Eclipse Adoptium\jdk-11.0.16.101-hotspot\bin;C:\Program Files\Common Files\Oracle\Java\javapath;C:\Program Files (x86)\Common Files\Oracle\Java\javapath;C:\Windows\system32;C:\Windows;C:\Windows\System32\Wbem;C:\Windows\System32\WindowsPowerShell\v1.0\;C:\Windows\System32\OpenSSH\;C:\WINDOWS\system32;C:\WINDOWS;C:\WINDOWS\System32\Wbem;C:\WINDOWS\System32\WindowsPowerShell\v1.0\;C:\WINDOWS\System32\OpenSSH\;C:\Program Files (x86)\Common Files\Acronis\VirtualFile\;C:\Program Files (x86)\Common Files\Acronis\VirtualFile64\;C:\Program Files (x86)\Common Files\Acronis\SnapAPI\;C:\Program Files (x86)\ZeroTier\One\;C:\Program Files (x86)\NVIDIA Corporation\PhysX\Common;C:\WINDOWS\system32;C:\WINDOWS;C:\WINDOWS\System32\Wbem;C:\WINDOWS\System32\WindowsPowerShell\v1.0\;C:\WINDOWS\System32\OpenSSH\;C:\Program Files\Git\cmd;C:\TDM-GCC-64\bin;C:\Users\Gonzalo\AppData\Local\Android\Sdk\tools\bin;C:\Program Files\nodejs\;C:\Program Files\Java\jdk-17.0.1\bin;C:\Users\Gonzalo\AppData\Local\Android\Sdk\build-tools;C:\Users\Gonzalo\AppData\Local\Android\Sdk\platforms;C:\Users\Gonzalo\AppData\Local\Android\Sdk\platform-tools;C:\Users\Gonzalo\AppData\Local\Android\Sdk\tools;C:\Program Files\swipl\bin;C:\Program Files\dotnet\;C:\Users\Gonzalo\AppData\Roaming\local\bin;C:\Users\Gonzalo\AppData\Local\Programs\Python\Python39\Scripts\;C:\Users\Gonzalo\AppData\Local\Programs\Python\Python39\;C:\Users\Gonzalo\AppData\Local\Microsoft\WindowsApps;;C:\Program Files\JetBrains\PyCharm 2021.1.2\bin;;C:\Users\Gonzalo\AppData\Local\Programs\Microsoft VS Code\bin;C:\Users\Gonzalo\AppData\Roaming\npm;C:\Users\Gonzalo\.dotnet\tools;C:\Users\Gonzalo\Desktop\Wollok;
USERNAME=Gonzalo
OS=Windows_NT
PROCESSOR_IDENTIFIER=Intel64 Family 6 Model 158 Stepping 10, GenuineIntel
TMP=C:\Users\Gonzalo\AppData\Local\Temp
TEMP=C:\Users\Gonzalo\AppData\Local\Temp



---------------  S Y S T E M  ---------------

OS: Windows 10 , 64 bit Build 19041 (10.0.19041.1889)
OS uptime: 15 days 13:36 hours

CPU:total 4 (initial active 4) (4 cores per cpu, 1 threads per core) family 6 model 158 stepping 10 microcode 0xca, cmov, cx8, fxsr, mmx, sse, sse2, sse3, ssse3, sse4.1, sse4.2, popcnt, avx, avx2, aes, clmul, erms, 3dnowpref, lzcnt, tsc, tscinvbit, bmi1, bmi2, adx, fma

Memory: 4k page, system-wide physical 16328M (8920M free)
TotalPageFile size 18241M (AvailPageFile size 7062M)
current process WorkingSet (physical memory assigned to process): 186M, peak: 193M
current process commit charge ("private bytes"): 408M, peak: 415M

vm_info: OpenJDK 64-Bit Server VM (11.0.16.1+1) for windows-amd64 JRE (11.0.16.1+1), built on Aug 16 2022 02:58:04 by "" with MS VC++ 15.9 (VS2017)

END.
